Command line
python delaneyTrainQuantileInterval.py
Args
{'activation': 'ReLU',
 'adding_h': False,
 'aggregation': 'mean',
 'aggregation_norm': 100,
 'alpha': 0.1,
 'atom_descriptor_scaling': True,
 'atom_descriptors': None,
 'atom_descriptors_path': None,
 'atom_descriptors_size': 0,
 'atom_features_size': 0,
 'atom_messages': False,
 'batch_size': 50,
 'bias': False,
 'bias_solvent': False,
 'bond_feature_scaling': True,
 'bond_features_path': None,
 'bond_features_size': 0,
 'cache_cutoff': 10000,
 'checkpoint_dir': None,
 'checkpoint_frzn': None,
 'checkpoint_path': None,
 'checkpoint_paths': None,
 'class_balance': False,
 'config_path': None,
 'crossval_index_dir': None,
 'crossval_index_file': None,
 'crossval_index_sets': None,
 'cuda': False,
 'data_path': 'data/delaney.csv',
 'data_weights_path': None,
 'dataset_type': 'regression',
 'depth': 3,
 'depth_solvent': 3,
 'device': device(type='cpu'),
 'dropout': 0.0,
 'empty_cache': False,
 'ensemble_size': 1,
 'epochs': 30,
 'evidential_regularization': 0,
 'explicit_h': False,
 'extra_metrics': [],
 'features_generator': None,
 'features_only': False,
 'features_path': None,
 'features_scaling': True,
 'features_size': None,
 'ffn_hidden_size': 300,
 'ffn_num_layers': 2,
 'final_lr': 0.0001,
 'folds_file': None,
 'freeze_first_only': False,
 'frzn_ffn_layers': 0,
 'gpu': None,
 'grad_clip': None,
 'hidden_size': 300,
 'hidden_size_solvent': 300,
 'ignore_columns': None,
 'init_lr': 0.0001,
 'log_frequency': 10,
 'loss_function': 'quantile_interval',
 'max_data_size': None,
 'max_lr': 0.001,
 'metric': 'rmse',
 'metrics': ['rmse'],
 'minimize_score': True,
 'mpn_shared': False,
 'multiclass_num_classes': 3,
 'no_atom_descriptor_scaling': False,
 'no_bond_features_scaling': False,
 'no_cache_mol': False,
 'no_cuda': False,
 'no_features_scaling': False,
 'num_folds': 1,
 'num_lrs': 1,
 'num_tasks': 1,
 'num_workers': 8,
 'number_of_molecules': 1,
 'overwrite_default_atom_features': False,
 'overwrite_default_bond_features': False,
 'phase_features_path': None,
 'pytorch_seed': 0,
 'quantile': 0.5,
 'quiet': False,
 'reaction': False,
 'reaction_mode': 'reac_diff',
 'reaction_solvent': False,
 'resume_experiment': False,
 'save_dir': 'delaney_checkpoints_quantile_interval',
 'save_preds': False,
 'save_smiles_splits': False,
 'seed': 0,
 'separate_test_atom_descriptors_path': None,
 'separate_test_bond_features_path': None,
 'separate_test_features_path': None,
 'separate_test_path': None,
 'separate_test_phase_features_path': None,
 'separate_val_atom_descriptors_path': None,
 'separate_val_bond_features_path': None,
 'separate_val_features_path': None,
 'separate_val_path': None,
 'separate_val_phase_features_path': None,
 'show_individual_scores': False,
 'smiles_columns': ['smiles'],
 'spectra_activation': 'exp',
 'spectra_phase_mask_path': None,
 'spectra_target_floor': 1e-08,
 'split_key_molecule': 0,
 'split_sizes': (0.8, 0.1, 0.1),
 'split_type': 'random',
 'target_columns': None,
 'target_weights': None,
 'task_names': ['logSolubility'],
 'test': False,
 'test_fold_index': None,
 'train_data_size': None,
 'undirected': False,
 'use_input_features': False,
 'val_fold_index': None,
 'warmup_epochs': 2.0}
Setting molecule featurization parameters to default.
Loading data
Number of tasks = 1
Fold 0
Splitting data with seed 0
Total size = 1,128 | train size = 902 | val size = 113 | test size = 113
Fitting scaler
Building model 0
MoleculeModel(
  (encoder): MPN(
    (encoder): ModuleList(
      (0): MPNEncoder(
        (dropout_layer): Dropout(p=0.0, inplace=False)
        (act_func): ReLU()
        (W_i): Linear(in_features=147, out_features=300, bias=False)
        (W_h): Linear(in_features=300, out_features=300, bias=False)
        (W_o): Linear(in_features=433, out_features=300, bias=True)
      )
    )
  )
  (ffn): Sequential(
    (0): Dropout(p=0.0, inplace=False)
    (1): Linear(in_features=300, out_features=300, bias=True)
    (2): ReLU()
    (3): Dropout(p=0.0, inplace=False)
    (4): Linear(in_features=300, out_features=2, bias=True)
  )
)
Number of parameters = 355,502
Epoch 0
Command line
python delaneyTrainQuantileInterval.py
Args
{'activation': 'ReLU',
 'adding_h': False,
 'aggregation': 'mean',
 'aggregation_norm': 100,
 'alpha': 0.1,
 'atom_descriptor_scaling': True,
 'atom_descriptors': None,
 'atom_descriptors_path': None,
 'atom_descriptors_size': 0,
 'atom_features_size': 0,
 'atom_messages': False,
 'batch_size': 50,
 'bias': False,
 'bias_solvent': False,
 'bond_feature_scaling': True,
 'bond_features_path': None,
 'bond_features_size': 0,
 'cache_cutoff': 10000,
 'checkpoint_dir': None,
 'checkpoint_frzn': None,
 'checkpoint_path': None,
 'checkpoint_paths': None,
 'class_balance': False,
 'config_path': None,
 'crossval_index_dir': None,
 'crossval_index_file': None,
 'crossval_index_sets': None,
 'cuda': False,
 'data_path': 'data/delaney.csv',
 'data_weights_path': None,
 'dataset_type': 'regression',
 'depth': 3,
 'depth_solvent': 3,
 'device': device(type='cpu'),
 'dropout': 0.0,
 'empty_cache': False,
 'ensemble_size': 1,
 'epochs': 30,
 'evidential_regularization': 0,
 'explicit_h': False,
 'extra_metrics': [],
 'features_generator': None,
 'features_only': False,
 'features_path': None,
 'features_scaling': True,
 'features_size': None,
 'ffn_hidden_size': 300,
 'ffn_num_layers': 2,
 'final_lr': 0.0001,
 'folds_file': None,
 'freeze_first_only': False,
 'frzn_ffn_layers': 0,
 'gpu': None,
 'grad_clip': None,
 'hidden_size': 300,
 'hidden_size_solvent': 300,
 'ignore_columns': None,
 'init_lr': 0.0001,
 'log_frequency': 10,
 'loss_function': 'quantile_interval',
 'max_data_size': None,
 'max_lr': 0.001,
 'metric': 'rmse',
 'metrics': ['rmse'],
 'minimize_score': True,
 'mpn_shared': False,
 'multiclass_num_classes': 3,
 'no_atom_descriptor_scaling': False,
 'no_bond_features_scaling': False,
 'no_cache_mol': False,
 'no_cuda': False,
 'no_features_scaling': False,
 'num_folds': 1,
 'num_lrs': 1,
 'num_tasks': 1,
 'num_workers': 8,
 'number_of_molecules': 1,
 'overwrite_default_atom_features': False,
 'overwrite_default_bond_features': False,
 'phase_features_path': None,
 'pytorch_seed': 0,
 'quantile': 0.5,
 'quiet': False,
 'reaction': False,
 'reaction_mode': 'reac_diff',
 'reaction_solvent': False,
 'resume_experiment': False,
 'save_dir': 'delaney_checkpoints_quantile_interval',
 'save_preds': False,
 'save_smiles_splits': False,
 'seed': 0,
 'separate_test_atom_descriptors_path': None,
 'separate_test_bond_features_path': None,
 'separate_test_features_path': None,
 'separate_test_path': None,
 'separate_test_phase_features_path': None,
 'separate_val_atom_descriptors_path': None,
 'separate_val_bond_features_path': None,
 'separate_val_features_path': None,
 'separate_val_path': None,
 'separate_val_phase_features_path': None,
 'show_individual_scores': False,
 'smiles_columns': ['smiles'],
 'spectra_activation': 'exp',
 'spectra_phase_mask_path': None,
 'spectra_target_floor': 1e-08,
 'split_key_molecule': 0,
 'split_sizes': (0.8, 0.1, 0.1),
 'split_type': 'random',
 'target_columns': None,
 'target_weights': None,
 'task_names': ['logSolubility'],
 'test': False,
 'test_fold_index': None,
 'train_data_size': None,
 'undirected': False,
 'use_input_features': False,
 'val_fold_index': None,
 'warmup_epochs': 2.0}
Setting molecule featurization parameters to default.
Loading data
Number of tasks = 1
Fold 0
Splitting data with seed 0
Total size = 1,128 | train size = 902 | val size = 113 | test size = 113
Fitting scaler
Building model 0
Command line
python delaneyTrainQuantileInterval.py
Args
{'activation': 'ReLU',
 'adding_h': False,
 'aggregation': 'mean',
 'aggregation_norm': 100,
 'alpha': 0.1,
 'atom_descriptor_scaling': True,
 'atom_descriptors': None,
 'atom_descriptors_path': None,
 'atom_descriptors_size': 0,
 'atom_features_size': 0,
 'atom_messages': False,
 'batch_size': 50,
 'bias': False,
 'bias_solvent': False,
 'bond_feature_scaling': True,
 'bond_features_path': None,
 'bond_features_size': 0,
 'cache_cutoff': 10000,
 'checkpoint_dir': None,
 'checkpoint_frzn': None,
 'checkpoint_path': None,
 'checkpoint_paths': None,
 'class_balance': False,
 'config_path': None,
 'crossval_index_dir': None,
 'crossval_index_file': None,
 'crossval_index_sets': None,
 'cuda': False,
 'data_path': 'data/delaney.csv',
 'data_weights_path': None,
 'dataset_type': 'regression',
 'depth': 3,
 'depth_solvent': 3,
 'device': device(type='cpu'),
 'dropout': 0.0,
 'empty_cache': False,
 'ensemble_size': 1,
 'epochs': 30,
 'evidential_regularization': 0,
 'explicit_h': False,
 'extra_metrics': [],
 'features_generator': None,
 'features_only': False,
 'features_path': None,
 'features_scaling': True,
 'features_size': None,
 'ffn_hidden_size': 300,
 'ffn_num_layers': 2,
 'final_lr': 0.0001,
 'folds_file': None,
 'freeze_first_only': False,
 'frzn_ffn_layers': 0,
 'gpu': None,
 'grad_clip': None,
 'hidden_size': 300,
 'hidden_size_solvent': 300,
 'ignore_columns': None,
 'init_lr': 0.0001,
 'log_frequency': 10,
 'loss_function': 'quantile_interval',
 'max_data_size': None,
 'max_lr': 0.001,
 'metric': 'rmse',
 'metrics': ['rmse'],
 'minimize_score': True,
 'mpn_shared': False,
 'multiclass_num_classes': 3,
 'no_atom_descriptor_scaling': False,
 'no_bond_features_scaling': False,
 'no_cache_mol': False,
 'no_cuda': False,
 'no_features_scaling': False,
 'num_folds': 1,
 'num_lrs': 1,
 'num_tasks': 1,
 'num_workers': 8,
 'number_of_molecules': 1,
 'overwrite_default_atom_features': False,
 'overwrite_default_bond_features': False,
 'phase_features_path': None,
 'pytorch_seed': 0,
 'quantile': 0.5,
 'quiet': False,
 'reaction': False,
 'reaction_mode': 'reac_diff',
 'reaction_solvent': False,
 'resume_experiment': False,
 'save_dir': 'delaney_checkpoints_quantile_interval',
 'save_preds': False,
 'save_smiles_splits': False,
 'seed': 0,
 'separate_test_atom_descriptors_path': None,
 'separate_test_bond_features_path': None,
 'separate_test_features_path': None,
 'separate_test_path': None,
 'separate_test_phase_features_path': None,
 'separate_val_atom_descriptors_path': None,
 'separate_val_bond_features_path': None,
 'separate_val_features_path': None,
 'separate_val_path': None,
 'separate_val_phase_features_path': None,
 'show_individual_scores': False,
 'smiles_columns': ['smiles'],
 'spectra_activation': 'exp',
 'spectra_phase_mask_path': None,
 'spectra_target_floor': 1e-08,
 'split_key_molecule': 0,
 'split_sizes': (0.8, 0.1, 0.1),
 'split_type': 'random',
 'target_columns': None,
 'target_weights': None,
 'task_names': ['logSolubility'],
 'test': False,
 'test_fold_index': None,
 'train_data_size': None,
 'undirected': False,
 'use_input_features': False,
 'val_fold_index': None,
 'warmup_epochs': 2.0}
Setting molecule featurization parameters to default.
Loading data
Number of tasks = 1
Fold 0
Splitting data with seed 0
Total size = 1,128 | train size = 902 | val size = 113 | test size = 113
Fitting scaler
Building model 0
MoleculeModel(
  (encoder): MPN(
    (encoder): ModuleList(
      (0): MPNEncoder(
        (dropout_layer): Dropout(p=0.0, inplace=False)
        (act_func): ReLU()
        (W_i): Linear(in_features=147, out_features=300, bias=False)
        (W_h): Linear(in_features=300, out_features=300, bias=False)
        (W_o): Linear(in_features=433, out_features=300, bias=True)
      )
    )
  )
  (lower_quantile_head): Sequential(
    (0): ReLU()
    (1): Dropout(p=0.0, inplace=False)
    (2): Linear(in_features=300, out_features=1, bias=True)
  )
  (upper_quantile_head): Sequential(
    (0): ReLU()
    (1): Dropout(p=0.0, inplace=False)
    (2): Linear(in_features=300, out_features=1, bias=True)
  )
  (ffn): Sequential(
    (0): Dropout(p=0.0, inplace=False)
    (1): Linear(in_features=300, out_features=300, bias=True)
  )
)
Number of parameters = 355,502
Epoch 0
Command line
python delaneyTrainQuantileInterval.py
Args
{'activation': 'ReLU',
 'adding_h': False,
 'aggregation': 'mean',
 'aggregation_norm': 100,
 'alpha': 0.1,
 'atom_descriptor_scaling': True,
 'atom_descriptors': None,
 'atom_descriptors_path': None,
 'atom_descriptors_size': 0,
 'atom_features_size': 0,
 'atom_messages': False,
 'batch_size': 50,
 'bias': False,
 'bias_solvent': False,
 'bond_feature_scaling': True,
 'bond_features_path': None,
 'bond_features_size': 0,
 'cache_cutoff': 10000,
 'checkpoint_dir': None,
 'checkpoint_frzn': None,
 'checkpoint_path': None,
 'checkpoint_paths': None,
 'class_balance': False,
 'config_path': None,
 'crossval_index_dir': None,
 'crossval_index_file': None,
 'crossval_index_sets': None,
 'cuda': False,
 'data_path': 'data/delaney.csv',
 'data_weights_path': None,
 'dataset_type': 'regression',
 'depth': 3,
 'depth_solvent': 3,
 'device': device(type='cpu'),
 'dropout': 0.0,
 'empty_cache': False,
 'ensemble_size': 1,
 'epochs': 30,
 'evidential_regularization': 0,
 'explicit_h': False,
 'extra_metrics': [],
 'features_generator': None,
 'features_only': False,
 'features_path': None,
 'features_scaling': True,
 'features_size': None,
 'ffn_hidden_size': 300,
 'ffn_num_layers': 2,
 'final_lr': 0.0001,
 'folds_file': None,
 'freeze_first_only': False,
 'frzn_ffn_layers': 0,
 'gpu': None,
 'grad_clip': None,
 'hidden_size': 300,
 'hidden_size_solvent': 300,
 'ignore_columns': None,
 'init_lr': 0.0001,
 'log_frequency': 10,
 'loss_function': 'quantile_interval',
 'max_data_size': None,
 'max_lr': 0.001,
 'metric': 'rmse',
 'metrics': ['rmse'],
 'minimize_score': True,
 'mpn_shared': False,
 'multiclass_num_classes': 3,
 'no_atom_descriptor_scaling': False,
 'no_bond_features_scaling': False,
 'no_cache_mol': False,
 'no_cuda': False,
 'no_features_scaling': False,
 'num_folds': 1,
 'num_lrs': 1,
 'num_tasks': 1,
 'num_workers': 8,
 'number_of_molecules': 1,
 'overwrite_default_atom_features': False,
 'overwrite_default_bond_features': False,
 'phase_features_path': None,
 'pytorch_seed': 0,
 'quantile': 0.5,
 'quiet': False,
 'reaction': False,
 'reaction_mode': 'reac_diff',
 'reaction_solvent': False,
 'resume_experiment': False,
 'save_dir': 'delaney_checkpoints_quantile_interval',
 'save_preds': False,
 'save_smiles_splits': False,
 'seed': 0,
 'separate_test_atom_descriptors_path': None,
 'separate_test_bond_features_path': None,
 'separate_test_features_path': None,
 'separate_test_path': None,
 'separate_test_phase_features_path': None,
 'separate_val_atom_descriptors_path': None,
 'separate_val_bond_features_path': None,
 'separate_val_features_path': None,
 'separate_val_path': None,
 'separate_val_phase_features_path': None,
 'show_individual_scores': False,
 'smiles_columns': ['smiles'],
 'spectra_activation': 'exp',
 'spectra_phase_mask_path': None,
 'spectra_target_floor': 1e-08,
 'split_key_molecule': 0,
 'split_sizes': (0.8, 0.1, 0.1),
 'split_type': 'random',
 'target_columns': None,
 'target_weights': None,
 'task_names': ['logSolubility'],
 'test': False,
 'test_fold_index': None,
 'train_data_size': None,
 'undirected': False,
 'use_input_features': False,
 'val_fold_index': None,
 'warmup_epochs': 2.0}
Setting molecule featurization parameters to default.
Loading data
Number of tasks = 1
Fold 0
Splitting data with seed 0
Total size = 1,128 | train size = 902 | val size = 113 | test size = 113
Fitting scaler
Building model 0
MoleculeModel(
  (encoder): MPN(
    (encoder): ModuleList(
      (0): MPNEncoder(
        (dropout_layer): Dropout(p=0.0, inplace=False)
        (act_func): ReLU()
        (W_i): Linear(in_features=147, out_features=300, bias=False)
        (W_h): Linear(in_features=300, out_features=300, bias=False)
        (W_o): Linear(in_features=433, out_features=300, bias=True)
      )
    )
  )
  (lower_quantile_head): Sequential(
    (0): ReLU()
    (1): Dropout(p=0.0, inplace=False)
    (2): Linear(in_features=300, out_features=1, bias=True)
  )
  (upper_quantile_head): Sequential(
    (0): ReLU()
    (1): Dropout(p=0.0, inplace=False)
    (2): Linear(in_features=300, out_features=1, bias=True)
  )
  (ffn): Sequential(
    (0): Dropout(p=0.0, inplace=False)
    (1): Linear(in_features=300, out_features=300, bias=True)
  )
)
Number of parameters = 355,502
Epoch 0
Loss = 3.9289e-01, PNorm = 34.0696, GNorm = 0.7842, lr_0 = 3.7500e-04
Command line
python delaneyTrainQuantileInterval.py
Args
{'activation': 'ReLU',
 'adding_h': False,
 'aggregation': 'mean',
 'aggregation_norm': 100,
 'alpha': 0.1,
 'atom_descriptor_scaling': True,
 'atom_descriptors': None,
 'atom_descriptors_path': None,
 'atom_descriptors_size': 0,
 'atom_features_size': 0,
 'atom_messages': False,
 'batch_size': 50,
 'bias': False,
 'bias_solvent': False,
 'bond_feature_scaling': True,
 'bond_features_path': None,
 'bond_features_size': 0,
 'cache_cutoff': 10000,
 'checkpoint_dir': None,
 'checkpoint_frzn': None,
 'checkpoint_path': None,
 'checkpoint_paths': None,
 'class_balance': False,
 'config_path': None,
 'crossval_index_dir': None,
 'crossval_index_file': None,
 'crossval_index_sets': None,
 'cuda': False,
 'data_path': 'data/delaney.csv',
 'data_weights_path': None,
 'dataset_type': 'regression',
 'depth': 3,
 'depth_solvent': 3,
 'device': device(type='cpu'),
 'dropout': 0.0,
 'empty_cache': False,
 'ensemble_size': 1,
 'epochs': 30,
 'evidential_regularization': 0,
 'explicit_h': False,
 'extra_metrics': [],
 'features_generator': None,
 'features_only': False,
 'features_path': None,
 'features_scaling': True,
 'features_size': None,
 'ffn_hidden_size': 300,
 'ffn_num_layers': 2,
 'final_lr': 0.0001,
 'folds_file': None,
 'freeze_first_only': False,
 'frzn_ffn_layers': 0,
 'gpu': None,
 'grad_clip': None,
 'hidden_size': 300,
 'hidden_size_solvent': 300,
 'ignore_columns': None,
 'init_lr': 0.0001,
 'log_frequency': 10,
 'loss_function': 'quantile_interval',
 'max_data_size': None,
 'max_lr': 0.001,
 'metric': 'rmse',
 'metrics': ['rmse'],
 'minimize_score': True,
 'mpn_shared': False,
 'multiclass_num_classes': 3,
 'no_atom_descriptor_scaling': False,
 'no_bond_features_scaling': False,
 'no_cache_mol': False,
 'no_cuda': False,
 'no_features_scaling': False,
 'num_folds': 1,
 'num_lrs': 1,
 'num_tasks': 1,
 'num_workers': 8,
 'number_of_molecules': 1,
 'overwrite_default_atom_features': False,
 'overwrite_default_bond_features': False,
 'phase_features_path': None,
 'pytorch_seed': 0,
 'quantile': 0.5,
 'quiet': False,
 'reaction': False,
 'reaction_mode': 'reac_diff',
 'reaction_solvent': False,
 'resume_experiment': False,
 'save_dir': 'delaney_checkpoints_quantile_interval',
 'save_preds': False,
 'save_smiles_splits': False,
 'seed': 0,
 'separate_test_atom_descriptors_path': None,
 'separate_test_bond_features_path': None,
 'separate_test_features_path': None,
 'separate_test_path': None,
 'separate_test_phase_features_path': None,
 'separate_val_atom_descriptors_path': None,
 'separate_val_bond_features_path': None,
 'separate_val_features_path': None,
 'separate_val_path': None,
 'separate_val_phase_features_path': None,
 'show_individual_scores': False,
 'smiles_columns': ['smiles'],
 'spectra_activation': 'exp',
 'spectra_phase_mask_path': None,
 'spectra_target_floor': 1e-08,
 'split_key_molecule': 0,
 'split_sizes': (0.8, 0.1, 0.1),
 'split_type': 'random',
 'target_columns': None,
 'target_weights': None,
 'task_names': ['logSolubility'],
 'test': False,
 'test_fold_index': None,
 'train_data_size': None,
 'undirected': False,
 'use_input_features': False,
 'val_fold_index': None,
 'warmup_epochs': 2.0}
Setting molecule featurization parameters to default.
Loading data
Number of tasks = 1
Fold 0
Splitting data with seed 0
Total size = 1,128 | train size = 902 | val size = 113 | test size = 113
Fitting scaler
Building model 0
MoleculeModel(
  (encoder): MPN(
    (encoder): ModuleList(
      (0): MPNEncoder(
        (dropout_layer): Dropout(p=0.0, inplace=False)
        (act_func): ReLU()
        (W_i): Linear(in_features=147, out_features=300, bias=False)
        (W_h): Linear(in_features=300, out_features=300, bias=False)
        (W_o): Linear(in_features=433, out_features=300, bias=True)
      )
    )
  )
  (lower_quantile_head): Sequential(
    (0): ReLU()
    (1): Dropout(p=0.0, inplace=False)
    (2): Linear(in_features=300, out_features=1, bias=True)
  )
  (upper_quantile_head): Sequential(
    (0): ReLU()
    (1): Dropout(p=0.0, inplace=False)
    (2): Linear(in_features=300, out_features=1, bias=True)
  )
  (ffn): Sequential(
    (0): Dropout(p=0.0, inplace=False)
    (1): Linear(in_features=300, out_features=300, bias=True)
  )
)
Number of parameters = 355,502
Epoch 0
Loss = 3.9289e-01, PNorm = 34.0696, GNorm = 0.7842, lr_0 = 3.7500e-04
Command line
python delaneyTrainQuantileInterval.py
Args
{'activation': 'ReLU',
 'adding_h': False,
 'aggregation': 'mean',
 'aggregation_norm': 100,
 'alpha': 0.1,
 'atom_descriptor_scaling': True,
 'atom_descriptors': None,
 'atom_descriptors_path': None,
 'atom_descriptors_size': 0,
 'atom_features_size': 0,
 'atom_messages': False,
 'batch_size': 50,
 'bias': False,
 'bias_solvent': False,
 'bond_feature_scaling': True,
 'bond_features_path': None,
 'bond_features_size': 0,
 'cache_cutoff': 10000,
 'checkpoint_dir': None,
 'checkpoint_frzn': None,
 'checkpoint_path': None,
 'checkpoint_paths': None,
 'class_balance': False,
 'config_path': None,
 'crossval_index_dir': None,
 'crossval_index_file': None,
 'crossval_index_sets': None,
 'cuda': False,
 'data_path': 'data/delaney.csv',
 'data_weights_path': None,
 'dataset_type': 'regression',
 'depth': 3,
 'depth_solvent': 3,
 'device': device(type='cpu'),
 'dropout': 0.0,
 'empty_cache': False,
 'ensemble_size': 1,
 'epochs': 30,
 'evidential_regularization': 0,
 'explicit_h': False,
 'extra_metrics': [],
 'features_generator': None,
 'features_only': False,
 'features_path': None,
 'features_scaling': True,
 'features_size': None,
 'ffn_hidden_size': 300,
 'ffn_num_layers': 2,
 'final_lr': 0.0001,
 'folds_file': None,
 'freeze_first_only': False,
 'frzn_ffn_layers': 0,
 'gpu': None,
 'grad_clip': None,
 'hidden_size': 300,
 'hidden_size_solvent': 300,
 'ignore_columns': None,
 'init_lr': 0.0001,
 'log_frequency': 10,
 'loss_function': 'quantile_interval',
 'max_data_size': None,
 'max_lr': 0.001,
 'metric': 'rmse',
 'metrics': ['rmse'],
 'minimize_score': True,
 'mpn_shared': False,
 'multiclass_num_classes': 3,
 'no_atom_descriptor_scaling': False,
 'no_bond_features_scaling': False,
 'no_cache_mol': False,
 'no_cuda': False,
 'no_features_scaling': False,
 'num_folds': 1,
 'num_lrs': 1,
 'num_tasks': 1,
 'num_workers': 8,
 'number_of_molecules': 1,
 'overwrite_default_atom_features': False,
 'overwrite_default_bond_features': False,
 'phase_features_path': None,
 'pytorch_seed': 0,
 'quantile': 0.5,
 'quiet': False,
 'reaction': False,
 'reaction_mode': 'reac_diff',
 'reaction_solvent': False,
 'resume_experiment': False,
 'save_dir': 'delaney_checkpoints_quantile_interval',
 'save_preds': False,
 'save_smiles_splits': False,
 'seed': 0,
 'separate_test_atom_descriptors_path': None,
 'separate_test_bond_features_path': None,
 'separate_test_features_path': None,
 'separate_test_path': None,
 'separate_test_phase_features_path': None,
 'separate_val_atom_descriptors_path': None,
 'separate_val_bond_features_path': None,
 'separate_val_features_path': None,
 'separate_val_path': None,
 'separate_val_phase_features_path': None,
 'show_individual_scores': False,
 'smiles_columns': ['smiles'],
 'spectra_activation': 'exp',
 'spectra_phase_mask_path': None,
 'spectra_target_floor': 1e-08,
 'split_key_molecule': 0,
 'split_sizes': (0.8, 0.1, 0.1),
 'split_type': 'random',
 'target_columns': None,
 'target_weights': None,
 'task_names': ['logSolubility'],
 'test': False,
 'test_fold_index': None,
 'train_data_size': None,
 'undirected': False,
 'use_input_features': False,
 'val_fold_index': None,
 'warmup_epochs': 2.0}
Setting molecule featurization parameters to default.
Loading data
Number of tasks = 1
Fold 0
Splitting data with seed 0
Total size = 1,128 | train size = 902 | val size = 113 | test size = 113
Fitting scaler
Building model 0
MoleculeModel(
  (encoder): MPN(
    (encoder): ModuleList(
      (0): MPNEncoder(
        (dropout_layer): Dropout(p=0.0, inplace=False)
        (act_func): ReLU()
        (W_i): Linear(in_features=147, out_features=300, bias=False)
        (W_h): Linear(in_features=300, out_features=300, bias=False)
        (W_o): Linear(in_features=433, out_features=300, bias=True)
      )
    )
  )
  (lower_quantile_head): Sequential(
    (0): ReLU()
    (1): Dropout(p=0.0, inplace=False)
    (2): Linear(in_features=300, out_features=1, bias=True)
  )
  (upper_quantile_head): Sequential(
    (0): ReLU()
    (1): Dropout(p=0.0, inplace=False)
    (2): Linear(in_features=300, out_features=1, bias=True)
  )
  (ffn): Sequential(
    (0): Dropout(p=0.0, inplace=False)
    (1): Linear(in_features=300, out_features=300, bias=True)
  )
)
Number of parameters = 355,502
Epoch 0
Loss = 3.9289e-01, PNorm = 34.0696, GNorm = 0.7842, lr_0 = 3.7500e-04
Command line
python delaneyTrainQuantileInterval.py
Args
{'activation': 'ReLU',
 'adding_h': False,
 'aggregation': 'mean',
 'aggregation_norm': 100,
 'alpha': 0.1,
 'atom_descriptor_scaling': True,
 'atom_descriptors': None,
 'atom_descriptors_path': None,
 'atom_descriptors_size': 0,
 'atom_features_size': 0,
 'atom_messages': False,
 'batch_size': 50,
 'bias': False,
 'bias_solvent': False,
 'bond_feature_scaling': True,
 'bond_features_path': None,
 'bond_features_size': 0,
 'cache_cutoff': 10000,
 'checkpoint_dir': None,
 'checkpoint_frzn': None,
 'checkpoint_path': None,
 'checkpoint_paths': None,
 'class_balance': False,
 'config_path': None,
 'crossval_index_dir': None,
 'crossval_index_file': None,
 'crossval_index_sets': None,
 'cuda': False,
 'data_path': 'data/delaney.csv',
 'data_weights_path': None,
 'dataset_type': 'regression',
 'depth': 3,
 'depth_solvent': 3,
 'device': device(type='cpu'),
 'dropout': 0.0,
 'empty_cache': False,
 'ensemble_size': 1,
 'epochs': 30,
 'evidential_regularization': 0,
 'explicit_h': False,
 'extra_metrics': [],
 'features_generator': None,
 'features_only': False,
 'features_path': None,
 'features_scaling': True,
 'features_size': None,
 'ffn_hidden_size': 300,
 'ffn_num_layers': 2,
 'final_lr': 0.0001,
 'folds_file': None,
 'freeze_first_only': False,
 'frzn_ffn_layers': 0,
 'gpu': None,
 'grad_clip': None,
 'hidden_size': 300,
 'hidden_size_solvent': 300,
 'ignore_columns': None,
 'init_lr': 0.0001,
 'log_frequency': 10,
 'loss_function': 'quantile_interval',
 'max_data_size': None,
 'max_lr': 0.001,
 'metric': 'rmse',
 'metrics': ['rmse'],
 'minimize_score': True,
 'mpn_shared': False,
 'multiclass_num_classes': 3,
 'no_atom_descriptor_scaling': False,
 'no_bond_features_scaling': False,
 'no_cache_mol': False,
 'no_cuda': False,
 'no_features_scaling': False,
 'num_folds': 1,
 'num_lrs': 1,
 'num_tasks': 1,
 'num_workers': 8,
 'number_of_molecules': 1,
 'overwrite_default_atom_features': False,
 'overwrite_default_bond_features': False,
 'phase_features_path': None,
 'pytorch_seed': 0,
 'quantile': 0.5,
 'quiet': False,
 'reaction': False,
 'reaction_mode': 'reac_diff',
 'reaction_solvent': False,
 'resume_experiment': False,
 'save_dir': 'delaney_checkpoints_quantile_interval',
 'save_preds': False,
 'save_smiles_splits': False,
 'seed': 0,
 'separate_test_atom_descriptors_path': None,
 'separate_test_bond_features_path': None,
 'separate_test_features_path': None,
 'separate_test_path': None,
 'separate_test_phase_features_path': None,
 'separate_val_atom_descriptors_path': None,
 'separate_val_bond_features_path': None,
 'separate_val_features_path': None,
 'separate_val_path': None,
 'separate_val_phase_features_path': None,
 'show_individual_scores': False,
 'smiles_columns': ['smiles'],
 'spectra_activation': 'exp',
 'spectra_phase_mask_path': None,
 'spectra_target_floor': 1e-08,
 'split_key_molecule': 0,
 'split_sizes': (0.8, 0.1, 0.1),
 'split_type': 'random',
 'target_columns': None,
 'target_weights': None,
 'task_names': ['logSolubility'],
 'test': False,
 'test_fold_index': None,
 'train_data_size': None,
 'undirected': False,
 'use_input_features': False,
 'val_fold_index': None,
 'warmup_epochs': 2.0}
Setting molecule featurization parameters to default.
Loading data
Number of tasks = 1
Fold 0
Splitting data with seed 0
Total size = 1,128 | train size = 902 | val size = 113 | test size = 113
Fitting scaler
Building model 0
MoleculeModel(
  (encoder): MPN(
    (encoder): ModuleList(
      (0): MPNEncoder(
        (dropout_layer): Dropout(p=0.0, inplace=False)
        (act_func): ReLU()
        (W_i): Linear(in_features=147, out_features=300, bias=False)
        (W_h): Linear(in_features=300, out_features=300, bias=False)
        (W_o): Linear(in_features=433, out_features=300, bias=True)
      )
    )
  )
  (lower_quantile_head): Sequential(
    (0): ReLU()
    (1): Dropout(p=0.0, inplace=False)
    (2): Linear(in_features=300, out_features=1, bias=True)
  )
  (upper_quantile_head): Sequential(
    (0): ReLU()
    (1): Dropout(p=0.0, inplace=False)
    (2): Linear(in_features=300, out_features=1, bias=True)
  )
  (ffn): Sequential(
    (0): Dropout(p=0.0, inplace=False)
    (1): Linear(in_features=300, out_features=300, bias=True)
  )
)
Number of parameters = 355,502
Epoch 0
Loss = 3.9289e-01, PNorm = 34.0696, GNorm = 0.7842, lr_0 = 3.7500e-04
Validation rmse = nan
Epoch 1
Loss = 2.0677e-01, PNorm = 34.0810, GNorm = 0.6043, lr_0 = 6.5000e-04
Loss = 1.8412e-01, PNorm = 34.1032, GNorm = 0.9601, lr_0 = 9.0000e-04
Validation rmse = nan
Epoch 2
Loss = 1.6228e-01, PNorm = 34.1442, GNorm = 0.3299, lr_0 = 9.6853e-04
Loss = 1.4956e-01, PNorm = 34.1850, GNorm = 0.3620, lr_0 = 9.2527e-04
Validation rmse = nan
Epoch 3
Loss = 1.2264e-01, PNorm = 34.2210, GNorm = 0.3913, lr_0 = 8.7992e-04
Loss = 1.2943e-01, PNorm = 34.2492, GNorm = 0.8399, lr_0 = 8.4063e-04
Validation rmse = nan
Epoch 4
Loss = 1.1647e-01, PNorm = 34.2708, GNorm = 0.6340, lr_0 = 7.9943e-04
Loss = 1.3744e-01, PNorm = 34.3065, GNorm = 0.5183, lr_0 = 7.6372e-04
Loss = 1.2596e-01, PNorm = 34.3088, GNorm = 0.5141, lr_0 = 7.6024e-04
Validation rmse = nan
Epoch 5
Loss = 1.5691e-01, PNorm = 34.3375, GNorm = 1.6931, lr_0 = 7.2629e-04
Validation rmse = nan
Epoch 6
Loss = 1.0861e-01, PNorm = 34.3560, GNorm = 0.4054, lr_0 = 6.9069e-04
Loss = 1.1431e-01, PNorm = 34.3796, GNorm = 1.2310, lr_0 = 6.5985e-04
Validation rmse = nan
Epoch 7
Loss = 1.0718e-01, PNorm = 34.3975, GNorm = 0.5230, lr_0 = 6.2751e-04
Loss = 9.9253e-02, PNorm = 34.4182, GNorm = 0.4885, lr_0 = 5.9948e-04
Validation rmse = nan
Epoch 8
Loss = 9.8002e-02, PNorm = 34.4374, GNorm = 1.8468, lr_0 = 5.7010e-04
Loss = 1.0000e-01, PNorm = 34.4543, GNorm = 0.2565, lr_0 = 5.4464e-04
Validation rmse = nan
Epoch 9
Loss = 9.7376e-02, PNorm = 34.4735, GNorm = 0.6220, lr_0 = 5.1795e-04
Loss = 8.3119e-02, PNorm = 34.4963, GNorm = 0.3028, lr_0 = 4.9482e-04
Loss = 8.4489e-02, PNorm = 34.4977, GNorm = 0.5131, lr_0 = 4.9256e-04
Validation rmse = nan
Epoch 10
Loss = 8.9963e-02, PNorm = 34.5170, GNorm = 0.4422, lr_0 = 4.7056e-04
Validation rmse = nan
Epoch 11
Loss = 8.3005e-02, PNorm = 34.5361, GNorm = 0.8582, lr_0 = 4.4750e-04
Loss = 9.1966e-02, PNorm = 34.5537, GNorm = 0.5357, lr_0 = 4.2752e-04
Validation rmse = nan
Epoch 12
Loss = 7.8893e-02, PNorm = 34.5661, GNorm = 1.2315, lr_0 = 4.0656e-04
Loss = 8.1584e-02, PNorm = 34.5812, GNorm = 0.4825, lr_0 = 3.8841e-04
Validation rmse = nan
Epoch 13
Loss = 8.1794e-02, PNorm = 34.5948, GNorm = 1.3410, lr_0 = 3.6937e-04
Loss = 8.3576e-02, PNorm = 34.6080, GNorm = 0.2819, lr_0 = 3.5287e-04
Validation rmse = nan
Epoch 14
Loss = 8.2539e-02, PNorm = 34.6228, GNorm = 1.2192, lr_0 = 3.3558e-04
Loss = 7.1038e-02, PNorm = 34.6366, GNorm = 0.9420, lr_0 = 3.2059e-04
Loss = 1.4675e-01, PNorm = 34.6372, GNorm = 5.3544, lr_0 = 3.1913e-04
Validation rmse = nan
Epoch 15
Loss = 8.4522e-02, PNorm = 34.6466, GNorm = 0.4599, lr_0 = 3.0488e-04
Validation rmse = nan
Epoch 16
Loss = 8.7989e-02, PNorm = 34.6579, GNorm = 0.4299, lr_0 = 2.8994e-04
Loss = 9.8720e-02, PNorm = 34.6714, GNorm = 2.1467, lr_0 = 2.7699e-04
Validation rmse = nan
Epoch 17
Loss = 8.2240e-02, PNorm = 34.6844, GNorm = 0.5600, lr_0 = 2.6341e-04
Loss = 8.4059e-02, PNorm = 34.6908, GNorm = 1.2871, lr_0 = 2.5165e-04
Validation rmse = nan
Epoch 18
Loss = 1.0744e-01, PNorm = 34.7028, GNorm = 1.4539, lr_0 = 2.3931e-04
Loss = 9.8449e-02, PNorm = 34.7144, GNorm = 1.9195, lr_0 = 2.2863e-04
Validation rmse = nan
Epoch 19
Loss = 8.6054e-02, PNorm = 34.7226, GNorm = 1.0858, lr_0 = 2.1742e-04
Loss = 7.0143e-02, PNorm = 34.7279, GNorm = 0.4118, lr_0 = 2.0771e-04
Loss = 5.5441e-02, PNorm = 34.7282, GNorm = 0.4061, lr_0 = 2.0676e-04
Validation rmse = nan
Epoch 20
Loss = 7.2852e-02, PNorm = 34.7361, GNorm = 0.3913, lr_0 = 1.9753e-04
Validation rmse = nan
Epoch 21
Loss = 6.2537e-02, PNorm = 34.7412, GNorm = 0.6957, lr_0 = 1.8785e-04
Loss = 7.0617e-02, PNorm = 34.7473, GNorm = 0.2042, lr_0 = 1.7946e-04
Validation rmse = nan
Epoch 22
Loss = 7.4910e-02, PNorm = 34.7532, GNorm = 0.4914, lr_0 = 1.7066e-04
Loss = 6.5546e-02, PNorm = 34.7585, GNorm = 1.9946, lr_0 = 1.6304e-04
Validation rmse = nan
Epoch 23
Loss = 6.8166e-02, PNorm = 34.7637, GNorm = 0.5545, lr_0 = 1.5505e-04
Loss = 6.6051e-02, PNorm = 34.7683, GNorm = 1.0296, lr_0 = 1.4813e-04
Validation rmse = nan
Epoch 24
Loss = 6.6016e-02, PNorm = 34.7751, GNorm = 1.3113, lr_0 = 1.4087e-04
Loss = 6.8156e-02, PNorm = 34.7795, GNorm = 0.3316, lr_0 = 1.3458e-04
Validation rmse = nan
Epoch 25
Loss = 6.7509e-02, PNorm = 34.7835, GNorm = 0.8762, lr_0 = 1.2857e-04
Validation rmse = nan
Epoch 26
Loss = 8.0599e-02, PNorm = 34.7869, GNorm = 1.8988, lr_0 = 1.2226e-04
Loss = 6.4123e-02, PNorm = 34.7914, GNorm = 0.9314, lr_0 = 1.1680e-04
Validation rmse = nan
Epoch 27
Loss = 5.9259e-02, PNorm = 34.7950, GNorm = 0.2388, lr_0 = 1.1108e-04
Loss = 6.1481e-02, PNorm = 34.7986, GNorm = 0.3292, lr_0 = 1.0612e-04
Validation rmse = nan
Epoch 28
Loss = 6.8018e-02, PNorm = 34.8028, GNorm = 0.3702, lr_0 = 1.0092e-04
Loss = 6.3908e-02, PNorm = 34.8058, GNorm = 0.7789, lr_0 = 1.0000e-04
Validation rmse = nan
Epoch 29
Loss = 5.7315e-02, PNorm = 34.8095, GNorm = 0.5458, lr_0 = 1.0000e-04
Loss = 6.4955e-02, PNorm = 34.8124, GNorm = 0.4103, lr_0 = 1.0000e-04
Validation rmse = nan
Model 0 best validation rmse = inf on epoch 0
Loading pretrained parameter "encoder.encoder.0.cached_zero_vector".
Loading pretrained parameter "encoder.encoder.0.W_i.weight".
Loading pretrained parameter "encoder.encoder.0.W_h.weight".
Loading pretrained parameter "encoder.encoder.0.W_o.weight".
Loading pretrained parameter "encoder.encoder.0.W_o.bias".
Loading pretrained parameter "lower_quantile_head.2.weight".
Loading pretrained parameter "lower_quantile_head.2.bias".
Loading pretrained parameter "upper_quantile_head.2.weight".
Loading pretrained parameter "upper_quantile_head.2.bias".
Loading pretrained parameter "ffn.1.weight".
Loading pretrained parameter "ffn.1.bias".
Model 0 test rmse = nan
Ensemble test rmse = 3.845920
1-fold cross validation
	Seed 0 ==> test rmse = 3.845920
Overall test rmse = 3.845920 +/- 0.000000
Elapsed time = 0:00:27
Command line
python delaneyTrainQuantileInterval.py
Args
{'activation': 'ReLU',
 'adding_h': False,
 'aggregation': 'mean',
 'aggregation_norm': 100,
 'alpha': 0.1,
 'atom_descriptor_scaling': True,
 'atom_descriptors': None,
 'atom_descriptors_path': None,
 'atom_descriptors_size': 0,
 'atom_features_size': 0,
 'atom_messages': False,
 'batch_size': 50,
 'bias': False,
 'bias_solvent': False,
 'bond_feature_scaling': True,
 'bond_features_path': None,
 'bond_features_size': 0,
 'cache_cutoff': 10000,
 'checkpoint_dir': None,
 'checkpoint_frzn': None,
 'checkpoint_path': None,
 'checkpoint_paths': None,
 'class_balance': False,
 'config_path': None,
 'crossval_index_dir': None,
 'crossval_index_file': None,
 'crossval_index_sets': None,
 'cuda': False,
 'data_path': 'data/delaney.csv',
 'data_weights_path': None,
 'dataset_type': 'regression',
 'depth': 3,
 'depth_solvent': 3,
 'device': device(type='cpu'),
 'dropout': 0.0,
 'empty_cache': False,
 'ensemble_size': 1,
 'epochs': 30,
 'evidential_regularization': 0,
 'explicit_h': False,
 'extra_metrics': [],
 'features_generator': None,
 'features_only': False,
 'features_path': None,
 'features_scaling': True,
 'features_size': None,
 'ffn_hidden_size': 300,
 'ffn_num_layers': 2,
 'final_lr': 0.0001,
 'folds_file': None,
 'freeze_first_only': False,
 'frzn_ffn_layers': 0,
 'gpu': None,
 'grad_clip': None,
 'hidden_size': 300,
 'hidden_size_solvent': 300,
 'ignore_columns': None,
 'init_lr': 0.0001,
 'log_frequency': 10,
 'loss_function': 'quantile_interval',
 'max_data_size': None,
 'max_lr': 0.001,
 'metric': 'rmse',
 'metrics': ['rmse'],
 'minimize_score': True,
 'mpn_shared': False,
 'multiclass_num_classes': 3,
 'no_atom_descriptor_scaling': False,
 'no_bond_features_scaling': False,
 'no_cache_mol': False,
 'no_cuda': False,
 'no_features_scaling': False,
 'num_folds': 1,
 'num_lrs': 1,
 'num_tasks': 1,
 'num_workers': 8,
 'number_of_molecules': 1,
 'overwrite_default_atom_features': False,
 'overwrite_default_bond_features': False,
 'phase_features_path': None,
 'pytorch_seed': 0,
 'quantile': 0.5,
 'quiet': False,
 'reaction': False,
 'reaction_mode': 'reac_diff',
 'reaction_solvent': False,
 'resume_experiment': False,
 'save_dir': 'delaney_checkpoints_quantile_interval',
 'save_preds': False,
 'save_smiles_splits': False,
 'seed': 0,
 'separate_test_atom_descriptors_path': None,
 'separate_test_bond_features_path': None,
 'separate_test_features_path': None,
 'separate_test_path': None,
 'separate_test_phase_features_path': None,
 'separate_val_atom_descriptors_path': None,
 'separate_val_bond_features_path': None,
 'separate_val_features_path': None,
 'separate_val_path': None,
 'separate_val_phase_features_path': None,
 'show_individual_scores': False,
 'smiles_columns': ['smiles'],
 'spectra_activation': 'exp',
 'spectra_phase_mask_path': None,
 'spectra_target_floor': 1e-08,
 'split_key_molecule': 0,
 'split_sizes': (0.8, 0.1, 0.1),
 'split_type': 'random',
 'target_columns': None,
 'target_weights': None,
 'task_names': ['logSolubility'],
 'test': False,
 'test_fold_index': None,
 'train_data_size': None,
 'undirected': False,
 'use_input_features': False,
 'val_fold_index': None,
 'warmup_epochs': 2.0}
Setting molecule featurization parameters to default.
Loading data
Number of tasks = 1
Fold 0
Splitting data with seed 0
Total size = 1,128 | train size = 902 | val size = 113 | test size = 113
Fitting scaler
Building model 0
MoleculeModel(
  (encoder): MPN(
    (encoder): ModuleList(
      (0): MPNEncoder(
        (dropout_layer): Dropout(p=0.0, inplace=False)
        (act_func): ReLU()
        (W_i): Linear(in_features=147, out_features=300, bias=False)
        (W_h): Linear(in_features=300, out_features=300, bias=False)
        (W_o): Linear(in_features=433, out_features=300, bias=True)
      )
    )
  )
  (lower_quantile_head): Sequential(
    (0): ReLU()
    (1): Dropout(p=0.0, inplace=False)
    (2): Linear(in_features=300, out_features=1, bias=True)
  )
  (upper_quantile_head): Sequential(
    (0): ReLU()
    (1): Dropout(p=0.0, inplace=False)
    (2): Linear(in_features=300, out_features=1, bias=True)
  )
  (ffn): Sequential(
    (0): Dropout(p=0.0, inplace=False)
    (1): Linear(in_features=300, out_features=300, bias=True)
  )
)
Number of parameters = 355,502
Epoch 0
Loss = 3.9289e-01, PNorm = 34.0696, GNorm = 0.7842, lr_0 = 3.7500e-04
Command line
python delaneyTrainQuantileInterval.py
Args
{'activation': 'ReLU',
 'adding_h': False,
 'aggregation': 'mean',
 'aggregation_norm': 100,
 'alpha': 0.1,
 'atom_descriptor_scaling': True,
 'atom_descriptors': None,
 'atom_descriptors_path': None,
 'atom_descriptors_size': 0,
 'atom_features_size': 0,
 'atom_messages': False,
 'batch_size': 50,
 'bias': False,
 'bias_solvent': False,
 'bond_feature_scaling': True,
 'bond_features_path': None,
 'bond_features_size': 0,
 'cache_cutoff': 10000,
 'checkpoint_dir': None,
 'checkpoint_frzn': None,
 'checkpoint_path': None,
 'checkpoint_paths': None,
 'class_balance': False,
 'config_path': None,
 'crossval_index_dir': None,
 'crossval_index_file': None,
 'crossval_index_sets': None,
 'cuda': False,
 'data_path': 'data/delaney.csv',
 'data_weights_path': None,
 'dataset_type': 'regression',
 'depth': 3,
 'depth_solvent': 3,
 'device': device(type='cpu'),
 'dropout': 0.0,
 'empty_cache': False,
 'ensemble_size': 1,
 'epochs': 30,
 'evidential_regularization': 0,
 'explicit_h': False,
 'extra_metrics': [],
 'features_generator': None,
 'features_only': False,
 'features_path': None,
 'features_scaling': True,
 'features_size': None,
 'ffn_hidden_size': 300,
 'ffn_num_layers': 2,
 'final_lr': 0.0001,
 'folds_file': None,
 'freeze_first_only': False,
 'frzn_ffn_layers': 0,
 'gpu': None,
 'grad_clip': None,
 'hidden_size': 300,
 'hidden_size_solvent': 300,
 'ignore_columns': None,
 'init_lr': 0.0001,
 'log_frequency': 10,
 'loss_function': 'quantile_interval',
 'max_data_size': None,
 'max_lr': 0.001,
 'metric': 'rmse',
 'metrics': ['rmse'],
 'minimize_score': True,
 'mpn_shared': False,
 'multiclass_num_classes': 3,
 'no_atom_descriptor_scaling': False,
 'no_bond_features_scaling': False,
 'no_cache_mol': False,
 'no_cuda': False,
 'no_features_scaling': False,
 'num_folds': 1,
 'num_lrs': 1,
 'num_tasks': 1,
 'num_workers': 8,
 'number_of_molecules': 1,
 'overwrite_default_atom_features': False,
 'overwrite_default_bond_features': False,
 'phase_features_path': None,
 'pytorch_seed': 0,
 'quantile': 0.5,
 'quiet': False,
 'reaction': False,
 'reaction_mode': 'reac_diff',
 'reaction_solvent': False,
 'resume_experiment': False,
 'save_dir': 'delaney_checkpoints_quantile_interval',
 'save_preds': False,
 'save_smiles_splits': False,
 'seed': 0,
 'separate_test_atom_descriptors_path': None,
 'separate_test_bond_features_path': None,
 'separate_test_features_path': None,
 'separate_test_path': None,
 'separate_test_phase_features_path': None,
 'separate_val_atom_descriptors_path': None,
 'separate_val_bond_features_path': None,
 'separate_val_features_path': None,
 'separate_val_path': None,
 'separate_val_phase_features_path': None,
 'show_individual_scores': False,
 'smiles_columns': ['smiles'],
 'spectra_activation': 'exp',
 'spectra_phase_mask_path': None,
 'spectra_target_floor': 1e-08,
 'split_key_molecule': 0,
 'split_sizes': (0.8, 0.1, 0.1),
 'split_type': 'random',
 'target_columns': None,
 'target_weights': None,
 'task_names': ['logSolubility'],
 'test': False,
 'test_fold_index': None,
 'train_data_size': None,
 'undirected': False,
 'use_input_features': False,
 'val_fold_index': None,
 'warmup_epochs': 2.0}
Setting molecule featurization parameters to default.
Loading data
Number of tasks = 1
Fold 0
Splitting data with seed 0
Total size = 1,128 | train size = 902 | val size = 113 | test size = 113
Fitting scaler
Building model 0
MoleculeModel(
  (encoder): MPN(
    (encoder): ModuleList(
      (0): MPNEncoder(
        (dropout_layer): Dropout(p=0.0, inplace=False)
        (act_func): ReLU()
        (W_i): Linear(in_features=147, out_features=300, bias=False)
        (W_h): Linear(in_features=300, out_features=300, bias=False)
        (W_o): Linear(in_features=433, out_features=300, bias=True)
      )
    )
  )
  (lower_quantile_head): Sequential(
    (0): ReLU()
    (1): Dropout(p=0.0, inplace=False)
    (2): Linear(in_features=300, out_features=1, bias=True)
  )
  (upper_quantile_head): Sequential(
    (0): ReLU()
    (1): Dropout(p=0.0, inplace=False)
    (2): Linear(in_features=300, out_features=1, bias=True)
  )
  (ffn): Sequential(
    (0): Dropout(p=0.0, inplace=False)
    (1): Linear(in_features=300, out_features=300, bias=True)
  )
)
Number of parameters = 355,502
Epoch 0
Command line
python delaneyTrainQuantileInterval.py
Args
{'activation': 'ReLU',
 'adding_h': False,
 'aggregation': 'mean',
 'aggregation_norm': 100,
 'alpha': 0.1,
 'atom_descriptor_scaling': True,
 'atom_descriptors': None,
 'atom_descriptors_path': None,
 'atom_descriptors_size': 0,
 'atom_features_size': 0,
 'atom_messages': False,
 'batch_size': 50,
 'bias': False,
 'bias_solvent': False,
 'bond_feature_scaling': True,
 'bond_features_path': None,
 'bond_features_size': 0,
 'cache_cutoff': 10000,
 'checkpoint_dir': None,
 'checkpoint_frzn': None,
 'checkpoint_path': None,
 'checkpoint_paths': None,
 'class_balance': False,
 'config_path': None,
 'crossval_index_dir': None,
 'crossval_index_file': None,
 'crossval_index_sets': None,
 'cuda': False,
 'data_path': 'data/delaney.csv',
 'data_weights_path': None,
 'dataset_type': 'regression',
 'depth': 3,
 'depth_solvent': 3,
 'device': device(type='cpu'),
 'dropout': 0.0,
 'empty_cache': False,
 'ensemble_size': 1,
 'epochs': 30,
 'evidential_regularization': 0,
 'explicit_h': False,
 'extra_metrics': [],
 'features_generator': None,
 'features_only': False,
 'features_path': None,
 'features_scaling': True,
 'features_size': None,
 'ffn_hidden_size': 300,
 'ffn_num_layers': 2,
 'final_lr': 0.0001,
 'folds_file': None,
 'freeze_first_only': False,
 'frzn_ffn_layers': 0,
 'gpu': None,
 'grad_clip': None,
 'hidden_size': 300,
 'hidden_size_solvent': 300,
 'ignore_columns': None,
 'init_lr': 0.0001,
 'log_frequency': 10,
 'loss_function': 'quantile_interval',
 'max_data_size': None,
 'max_lr': 0.001,
 'metric': 'rmse',
 'metrics': ['rmse'],
 'minimize_score': True,
 'mpn_shared': False,
 'multiclass_num_classes': 3,
 'no_atom_descriptor_scaling': False,
 'no_bond_features_scaling': False,
 'no_cache_mol': False,
 'no_cuda': False,
 'no_features_scaling': False,
 'num_folds': 1,
 'num_lrs': 1,
 'num_tasks': 1,
 'num_workers': 8,
 'number_of_molecules': 1,
 'overwrite_default_atom_features': False,
 'overwrite_default_bond_features': False,
 'phase_features_path': None,
 'pytorch_seed': 0,
 'quantile': 0.5,
 'quiet': False,
 'reaction': False,
 'reaction_mode': 'reac_diff',
 'reaction_solvent': False,
 'resume_experiment': False,
 'save_dir': 'delaney_checkpoints_quantile_interval',
 'save_preds': False,
 'save_smiles_splits': False,
 'seed': 0,
 'separate_test_atom_descriptors_path': None,
 'separate_test_bond_features_path': None,
 'separate_test_features_path': None,
 'separate_test_path': None,
 'separate_test_phase_features_path': None,
 'separate_val_atom_descriptors_path': None,
 'separate_val_bond_features_path': None,
 'separate_val_features_path': None,
 'separate_val_path': None,
 'separate_val_phase_features_path': None,
 'show_individual_scores': False,
 'smiles_columns': ['smiles'],
 'spectra_activation': 'exp',
 'spectra_phase_mask_path': None,
 'spectra_target_floor': 1e-08,
 'split_key_molecule': 0,
 'split_sizes': (0.8, 0.1, 0.1),
 'split_type': 'random',
 'target_columns': None,
 'target_weights': None,
 'task_names': ['logSolubility'],
 'test': False,
 'test_fold_index': None,
 'train_data_size': None,
 'undirected': False,
 'use_input_features': False,
 'val_fold_index': None,
 'warmup_epochs': 2.0}
Setting molecule featurization parameters to default.
Loading data
Number of tasks = 1
Fold 0
Splitting data with seed 0
Total size = 1,128 | train size = 902 | val size = 113 | test size = 113
Fitting scaler
Building model 0
MoleculeModel(
  (encoder): MPN(
    (encoder): ModuleList(
      (0): MPNEncoder(
        (dropout_layer): Dropout(p=0.0, inplace=False)
        (act_func): ReLU()
        (W_i): Linear(in_features=147, out_features=300, bias=False)
        (W_h): Linear(in_features=300, out_features=300, bias=False)
        (W_o): Linear(in_features=433, out_features=300, bias=True)
      )
    )
  )
  (lower_quantile_head): Sequential(
    (0): ReLU()
    (1): Dropout(p=0.0, inplace=False)
    (2): Linear(in_features=300, out_features=1, bias=True)
  )
  (upper_quantile_head): Sequential(
    (0): ReLU()
    (1): Dropout(p=0.0, inplace=False)
    (2): Linear(in_features=300, out_features=1, bias=True)
  )
  (ffn): Sequential(
    (0): Dropout(p=0.0, inplace=False)
    (1): Linear(in_features=300, out_features=300, bias=True)
  )
)
Number of parameters = 355,502
Epoch 0
Loss = 3.9289e-01, PNorm = 34.0696, GNorm = 0.7842, lr_0 = 3.7500e-04
Command line
python delaneyTrainQuantileInterval.py
Args
{'activation': 'ReLU',
 'adding_h': False,
 'aggregation': 'mean',
 'aggregation_norm': 100,
 'alpha': 0.1,
 'atom_descriptor_scaling': True,
 'atom_descriptors': None,
 'atom_descriptors_path': None,
 'atom_descriptors_size': 0,
 'atom_features_size': 0,
 'atom_messages': False,
 'batch_size': 50,
 'bias': False,
 'bias_solvent': False,
 'bond_feature_scaling': True,
 'bond_features_path': None,
 'bond_features_size': 0,
 'cache_cutoff': 10000,
 'checkpoint_dir': None,
 'checkpoint_frzn': None,
 'checkpoint_path': None,
 'checkpoint_paths': None,
 'class_balance': False,
 'config_path': None,
 'crossval_index_dir': None,
 'crossval_index_file': None,
 'crossval_index_sets': None,
 'cuda': False,
 'data_path': 'data/delaney.csv',
 'data_weights_path': None,
 'dataset_type': 'regression',
 'depth': 3,
 'depth_solvent': 3,
 'device': device(type='cpu'),
 'dropout': 0.0,
 'empty_cache': False,
 'ensemble_size': 1,
 'epochs': 30,
 'evidential_regularization': 0,
 'explicit_h': False,
 'extra_metrics': [],
 'features_generator': None,
 'features_only': False,
 'features_path': None,
 'features_scaling': True,
 'features_size': None,
 'ffn_hidden_size': 300,
 'ffn_num_layers': 2,
 'final_lr': 0.0001,
 'folds_file': None,
 'freeze_first_only': False,
 'frzn_ffn_layers': 0,
 'gpu': None,
 'grad_clip': None,
 'hidden_size': 300,
 'hidden_size_solvent': 300,
 'ignore_columns': None,
 'init_lr': 0.0001,
 'log_frequency': 10,
 'loss_function': 'quantile_interval',
 'max_data_size': None,
 'max_lr': 0.001,
 'metric': 'rmse',
 'metrics': ['rmse'],
 'minimize_score': True,
 'mpn_shared': False,
 'multiclass_num_classes': 3,
 'no_atom_descriptor_scaling': False,
 'no_bond_features_scaling': False,
 'no_cache_mol': False,
 'no_cuda': False,
 'no_features_scaling': False,
 'num_folds': 1,
 'num_lrs': 1,
 'num_tasks': 1,
 'num_workers': 8,
 'number_of_molecules': 1,
 'overwrite_default_atom_features': False,
 'overwrite_default_bond_features': False,
 'phase_features_path': None,
 'pytorch_seed': 0,
 'quantile': 0.5,
 'quiet': False,
 'reaction': False,
 'reaction_mode': 'reac_diff',
 'reaction_solvent': False,
 'resume_experiment': False,
 'save_dir': 'delaney_checkpoints_quantile_interval',
 'save_preds': False,
 'save_smiles_splits': False,
 'seed': 0,
 'separate_test_atom_descriptors_path': None,
 'separate_test_bond_features_path': None,
 'separate_test_features_path': None,
 'separate_test_path': None,
 'separate_test_phase_features_path': None,
 'separate_val_atom_descriptors_path': None,
 'separate_val_bond_features_path': None,
 'separate_val_features_path': None,
 'separate_val_path': None,
 'separate_val_phase_features_path': None,
 'show_individual_scores': False,
 'smiles_columns': ['smiles'],
 'spectra_activation': 'exp',
 'spectra_phase_mask_path': None,
 'spectra_target_floor': 1e-08,
 'split_key_molecule': 0,
 'split_sizes': (0.8, 0.1, 0.1),
 'split_type': 'random',
 'target_columns': None,
 'target_weights': None,
 'task_names': ['logSolubility'],
 'test': False,
 'test_fold_index': None,
 'train_data_size': None,
 'undirected': False,
 'use_input_features': False,
 'val_fold_index': None,
 'warmup_epochs': 2.0}
Setting molecule featurization parameters to default.
Loading data
Number of tasks = 1
Fold 0
Splitting data with seed 0
Total size = 1,128 | train size = 902 | val size = 113 | test size = 113
Fitting scaler
Building model 0
MoleculeModel(
  (encoder): MPN(
    (encoder): ModuleList(
      (0): MPNEncoder(
        (dropout_layer): Dropout(p=0.0, inplace=False)
        (act_func): ReLU()
        (W_i): Linear(in_features=147, out_features=300, bias=False)
        (W_h): Linear(in_features=300, out_features=300, bias=False)
        (W_o): Linear(in_features=433, out_features=300, bias=True)
      )
    )
  )
  (lower_quantile_head): Sequential(
    (0): ReLU()
    (1): Dropout(p=0.0, inplace=False)
    (2): Linear(in_features=300, out_features=1, bias=True)
  )
  (upper_quantile_head): Sequential(
    (0): ReLU()
    (1): Dropout(p=0.0, inplace=False)
    (2): Linear(in_features=300, out_features=1, bias=True)
  )
  (ffn): Sequential(
    (0): Dropout(p=0.0, inplace=False)
    (1): Linear(in_features=300, out_features=300, bias=True)
  )
)
Number of parameters = 355,502
Epoch 0
Loss = 3.9289e-01, PNorm = 34.0696, GNorm = 0.7842, lr_0 = 3.7500e-04
Validation rmse = 4.147009
Epoch 1
Loss = 2.0677e-01, PNorm = 34.0810, GNorm = 0.6043, lr_0 = 6.5000e-04
Loss = 1.8412e-01, PNorm = 34.1032, GNorm = 0.9601, lr_0 = 9.0000e-04
Validation rmse = 3.698420
Epoch 2
Loss = 1.6228e-01, PNorm = 34.1442, GNorm = 0.3299, lr_0 = 9.6853e-04
Loss = 1.4956e-01, PNorm = 34.1850, GNorm = 0.3620, lr_0 = 9.2527e-04
Validation rmse = 2.923157
Epoch 3
Loss = 1.2264e-01, PNorm = 34.2210, GNorm = 0.3913, lr_0 = 8.7992e-04
Loss = 1.2943e-01, PNorm = 34.2492, GNorm = 0.8399, lr_0 = 8.4063e-04
Validation rmse = 2.435779
Epoch 4
Loss = 1.1647e-01, PNorm = 34.2708, GNorm = 0.6340, lr_0 = 7.9943e-04
Loss = 1.3744e-01, PNorm = 34.3065, GNorm = 0.5183, lr_0 = 7.6372e-04
Loss = 1.2596e-01, PNorm = 34.3088, GNorm = 0.5141, lr_0 = 7.6024e-04
Validation rmse = 4.402511
Epoch 5
Loss = 1.5691e-01, PNorm = 34.3375, GNorm = 1.6931, lr_0 = 7.2629e-04
Validation rmse = 2.094961
Epoch 6
Loss = 1.0861e-01, PNorm = 34.3560, GNorm = 0.4054, lr_0 = 6.9069e-04
Loss = 1.1431e-01, PNorm = 34.3796, GNorm = 1.2310, lr_0 = 6.5985e-04
Validation rmse = 2.390159
Epoch 7
Loss = 1.0718e-01, PNorm = 34.3975, GNorm = 0.5230, lr_0 = 6.2751e-04
Loss = 9.9253e-02, PNorm = 34.4182, GNorm = 0.4885, lr_0 = 5.9948e-04
Validation rmse = 1.898412
Epoch 8
Loss = 9.8002e-02, PNorm = 34.4374, GNorm = 1.8468, lr_0 = 5.7010e-04
Loss = 1.0000e-01, PNorm = 34.4543, GNorm = 0.2565, lr_0 = 5.4464e-04
Validation rmse = 1.494447
Epoch 9
Loss = 9.7376e-02, PNorm = 34.4735, GNorm = 0.6220, lr_0 = 5.1795e-04
Loss = 8.3119e-02, PNorm = 34.4963, GNorm = 0.3028, lr_0 = 4.9482e-04
Loss = 8.4489e-02, PNorm = 34.4977, GNorm = 0.5131, lr_0 = 4.9256e-04
Validation rmse = 1.877183
Epoch 10
Loss = 8.9963e-02, PNorm = 34.5170, GNorm = 0.4422, lr_0 = 4.7056e-04
Validation rmse = 1.850567
Epoch 11
Loss = 8.3005e-02, PNorm = 34.5361, GNorm = 0.8582, lr_0 = 4.4750e-04
Loss = 9.1966e-02, PNorm = 34.5537, GNorm = 0.5357, lr_0 = 4.2752e-04
Validation rmse = 1.563092
Epoch 12
Loss = 7.8893e-02, PNorm = 34.5661, GNorm = 1.2315, lr_0 = 4.0656e-04
Loss = 8.1584e-02, PNorm = 34.5812, GNorm = 0.4825, lr_0 = 3.8841e-04
Validation rmse = 1.587846
Epoch 13
Loss = 8.1794e-02, PNorm = 34.5948, GNorm = 1.3410, lr_0 = 3.6937e-04
Loss = 8.3576e-02, PNorm = 34.6080, GNorm = 0.2819, lr_0 = 3.5287e-04
Validation rmse = 2.202218
Epoch 14
Loss = 8.2539e-02, PNorm = 34.6228, GNorm = 1.2192, lr_0 = 3.3558e-04
Loss = 7.1038e-02, PNorm = 34.6366, GNorm = 0.9420, lr_0 = 3.2059e-04
Loss = 1.4675e-01, PNorm = 34.6372, GNorm = 5.3544, lr_0 = 3.1913e-04
Validation rmse = 1.347656
Epoch 15
Loss = 8.4522e-02, PNorm = 34.6466, GNorm = 0.4599, lr_0 = 3.0488e-04
Validation rmse = 1.949809
Epoch 16
Loss = 8.7989e-02, PNorm = 34.6579, GNorm = 0.4299, lr_0 = 2.8994e-04
Loss = 9.8720e-02, PNorm = 34.6714, GNorm = 2.1467, lr_0 = 2.7699e-04
Validation rmse = 2.322904
Epoch 17
Loss = 8.2240e-02, PNorm = 34.6844, GNorm = 0.5600, lr_0 = 2.6341e-04
Loss = 8.4059e-02, PNorm = 34.6908, GNorm = 1.2871, lr_0 = 2.5165e-04
Validation rmse = 1.906731
Epoch 18
Loss = 1.0744e-01, PNorm = 34.7028, GNorm = 1.4539, lr_0 = 2.3931e-04
Loss = 9.8449e-02, PNorm = 34.7144, GNorm = 1.9195, lr_0 = 2.2863e-04
Validation rmse = 1.820935
Epoch 19
Loss = 8.6054e-02, PNorm = 34.7226, GNorm = 1.0858, lr_0 = 2.1742e-04
Loss = 7.0143e-02, PNorm = 34.7279, GNorm = 0.4118, lr_0 = 2.0771e-04
Loss = 5.5441e-02, PNorm = 34.7282, GNorm = 0.4061, lr_0 = 2.0676e-04
Validation rmse = 1.605028
Epoch 20
Loss = 7.2852e-02, PNorm = 34.7361, GNorm = 0.3913, lr_0 = 1.9753e-04
Validation rmse = 1.364110
Epoch 21
Loss = 6.2537e-02, PNorm = 34.7412, GNorm = 0.6957, lr_0 = 1.8785e-04
Loss = 7.0617e-02, PNorm = 34.7473, GNorm = 0.2042, lr_0 = 1.7946e-04
Validation rmse = 1.278767
Epoch 22
Loss = 7.4910e-02, PNorm = 34.7532, GNorm = 0.4914, lr_0 = 1.7066e-04
Loss = 6.5546e-02, PNorm = 34.7585, GNorm = 1.9946, lr_0 = 1.6304e-04
Validation rmse = 1.588789
Epoch 23
Loss = 6.8166e-02, PNorm = 34.7637, GNorm = 0.5545, lr_0 = 1.5505e-04
Loss = 6.6051e-02, PNorm = 34.7683, GNorm = 1.0296, lr_0 = 1.4813e-04
Validation rmse = 1.567452
Epoch 24
Loss = 6.6016e-02, PNorm = 34.7751, GNorm = 1.3113, lr_0 = 1.4087e-04
Loss = 6.8156e-02, PNorm = 34.7795, GNorm = 0.3316, lr_0 = 1.3458e-04
Validation rmse = 1.358077
Epoch 25
Loss = 6.7509e-02, PNorm = 34.7835, GNorm = 0.8762, lr_0 = 1.2857e-04
Validation rmse = 1.636361
Epoch 26
Loss = 8.0599e-02, PNorm = 34.7869, GNorm = 1.8988, lr_0 = 1.2226e-04
Loss = 6.4123e-02, PNorm = 34.7914, GNorm = 0.9314, lr_0 = 1.1680e-04
Validation rmse = 1.525837
Epoch 27
Loss = 5.9259e-02, PNorm = 34.7950, GNorm = 0.2388, lr_0 = 1.1108e-04
Loss = 6.1481e-02, PNorm = 34.7986, GNorm = 0.3292, lr_0 = 1.0612e-04
Validation rmse = 1.104392
Epoch 28
Loss = 6.8018e-02, PNorm = 34.8028, GNorm = 0.3702, lr_0 = 1.0092e-04
Loss = 6.3908e-02, PNorm = 34.8058, GNorm = 0.7789, lr_0 = 1.0000e-04
Validation rmse = 1.280248
Epoch 29
Loss = 5.7315e-02, PNorm = 34.8095, GNorm = 0.5458, lr_0 = 1.0000e-04
Loss = 6.4955e-02, PNorm = 34.8124, GNorm = 0.4103, lr_0 = 1.0000e-04
Validation rmse = 1.354611
Model 0 best validation rmse = 1.104392 on epoch 27
Loading pretrained parameter "encoder.encoder.0.cached_zero_vector".
Loading pretrained parameter "encoder.encoder.0.W_i.weight".
Loading pretrained parameter "encoder.encoder.0.W_h.weight".
Loading pretrained parameter "encoder.encoder.0.W_o.weight".
Loading pretrained parameter "encoder.encoder.0.W_o.bias".
Loading pretrained parameter "lower_quantile_head.2.weight".
Loading pretrained parameter "lower_quantile_head.2.bias".
Loading pretrained parameter "upper_quantile_head.2.weight".
Loading pretrained parameter "upper_quantile_head.2.bias".
Loading pretrained parameter "ffn.1.weight".
Loading pretrained parameter "ffn.1.bias".
Model 0 test rmse = 1.226417
Ensemble test rmse = 1.226417
1-fold cross validation
	Seed 0 ==> test rmse = 1.226417
Overall test rmse = 1.226417 +/- 0.000000
Elapsed time = 0:00:28
