Command line
python delaneyTrainQuantileInterval.py
Args
{'activation': 'ReLU',
 'adding_h': False,
 'aggregation': 'mean',
 'aggregation_norm': 100,
 'alpha': 0.5,
 'atom_descriptor_scaling': True,
 'atom_descriptors': None,
 'atom_descriptors_path': None,
 'atom_descriptors_size': 0,
 'atom_features_size': 0,
 'atom_messages': False,
 'batch_size': 50,
 'bias': False,
 'bias_solvent': False,
 'bond_feature_scaling': True,
 'bond_features_path': None,
 'bond_features_size': 0,
 'cache_cutoff': 10000,
 'checkpoint_dir': None,
 'checkpoint_frzn': None,
 'checkpoint_path': None,
 'checkpoint_paths': None,
 'class_balance': False,
 'config_path': None,
 'crossval_index_dir': None,
 'crossval_index_file': None,
 'crossval_index_sets': None,
 'cuda': False,
 'data_path': 'data/delaney.csv',
 'data_weights_path': None,
 'dataset_type': 'regression',
 'depth': 3,
 'depth_solvent': 3,
 'device': device(type='cpu'),
 'dropout': 0.0,
 'empty_cache': False,
 'ensemble_size': 1,
 'epochs': 30,
 'evidential_regularization': 0,
 'explicit_h': False,
 'extra_metrics': [],
 'features_generator': None,
 'features_only': False,
 'features_path': None,
 'features_scaling': True,
 'features_size': None,
 'ffn_hidden_size': 300,
 'ffn_num_layers': 2,
 'final_lr': 0.0001,
 'folds_file': None,
 'freeze_first_only': False,
 'frzn_ffn_layers': 0,
 'gpu': None,
 'grad_clip': None,
 'hidden_size': 300,
 'hidden_size_solvent': 300,
 'ignore_columns': None,
 'init_lr': 0.0001,
 'log_frequency': 10,
 'loss_function': 'quantile_interval',
 'max_data_size': None,
 'max_lr': 0.001,
 'metric': 'rmse',
 'metrics': ['rmse'],
 'minimize_score': True,
 'mpn_shared': False,
 'multiclass_num_classes': 3,
 'no_atom_descriptor_scaling': False,
 'no_bond_features_scaling': False,
 'no_cache_mol': False,
 'no_cuda': False,
 'no_features_scaling': False,
 'num_folds': 1,
 'num_lrs': 1,
 'num_tasks': 1,
 'num_workers': 8,
 'number_of_molecules': 1,
 'overwrite_default_atom_features': False,
 'overwrite_default_bond_features': False,
 'phase_features_path': None,
 'pytorch_seed': 0,
 'quantile': 0.5,
 'quiet': False,
 'reaction': False,
 'reaction_mode': 'reac_diff',
 'reaction_solvent': False,
 'resume_experiment': False,
 'save_dir': 'delaney_checkpoints_quantile_interval05',
 'save_preds': False,
 'save_smiles_splits': False,
 'seed': 0,
 'separate_test_atom_descriptors_path': None,
 'separate_test_bond_features_path': None,
 'separate_test_features_path': None,
 'separate_test_path': None,
 'separate_test_phase_features_path': None,
 'separate_val_atom_descriptors_path': None,
 'separate_val_bond_features_path': None,
 'separate_val_features_path': None,
 'separate_val_path': None,
 'separate_val_phase_features_path': None,
 'show_individual_scores': False,
 'smiles_columns': ['smiles'],
 'spectra_activation': 'exp',
 'spectra_phase_mask_path': None,
 'spectra_target_floor': 1e-08,
 'split_key_molecule': 0,
 'split_sizes': (0.8, 0.1, 0.1),
 'split_type': 'random',
 'target_columns': None,
 'target_weights': None,
 'task_names': ['logSolubility'],
 'test': False,
 'test_fold_index': None,
 'train_data_size': None,
 'undirected': False,
 'use_input_features': False,
 'val_fold_index': None,
 'warmup_epochs': 2.0}
Setting molecule featurization parameters to default.
Loading data
Number of tasks = 1
Fold 0
Splitting data with seed 0
Total size = 1,128 | train size = 902 | val size = 113 | test size = 113
Fitting scaler
Building model 0
MoleculeModel(
  (encoder): MPN(
    (encoder): ModuleList(
      (0): MPNEncoder(
        (dropout_layer): Dropout(p=0.0, inplace=False)
        (act_func): ReLU()
        (W_i): Linear(in_features=147, out_features=300, bias=False)
        (W_h): Linear(in_features=300, out_features=300, bias=False)
        (W_o): Linear(in_features=433, out_features=300, bias=True)
      )
    )
  )
  (lower_quantile_head): Sequential(
    (0): ReLU()
    (1): Dropout(p=0.0, inplace=False)
    (2): Linear(in_features=300, out_features=1, bias=True)
  )
  (upper_quantile_head): Sequential(
    (0): ReLU()
    (1): Dropout(p=0.0, inplace=False)
    (2): Linear(in_features=300, out_features=1, bias=True)
  )
  (ffn): Sequential(
    (0): Dropout(p=0.0, inplace=False)
    (1): Linear(in_features=300, out_features=300, bias=True)
  )
)
Number of parameters = 355,502
Epoch 0
Loss = 6.6763e-01, PNorm = 34.0631, GNorm = 1.8712, lr_0 = 3.7500e-04
Validation rmse = 1.992135
Epoch 1
Loss = 4.7340e-01, PNorm = 34.0792, GNorm = 1.0041, lr_0 = 6.5000e-04
Loss = 4.9424e-01, PNorm = 34.1145, GNorm = 1.5915, lr_0 = 9.0000e-04
Validation rmse = 1.373080
Epoch 2
Loss = 4.6250e-01, PNorm = 34.1651, GNorm = 0.8968, lr_0 = 9.6853e-04
Loss = 4.0014e-01, PNorm = 34.2123, GNorm = 2.1646, lr_0 = 9.2527e-04
Validation rmse = 2.091180
Epoch 3
Loss = 4.3050e-01, PNorm = 34.2710, GNorm = 3.0683, lr_0 = 8.7992e-04
Loss = 4.1468e-01, PNorm = 34.3122, GNorm = 1.1864, lr_0 = 8.4063e-04
Validation rmse = 1.194841
Epoch 4
Loss = 3.5369e-01, PNorm = 34.3502, GNorm = 2.0923, lr_0 = 7.9943e-04
Loss = 3.6192e-01, PNorm = 34.3935, GNorm = 3.5128, lr_0 = 7.6372e-04
Loss = 5.7336e-01, PNorm = 34.3968, GNorm = 7.8444, lr_0 = 7.6024e-04
Validation rmse = 1.295711
Epoch 5
Loss = 3.5303e-01, PNorm = 34.4396, GNorm = 2.7154, lr_0 = 7.2629e-04
Validation rmse = 1.135117
Epoch 6
Loss = 2.7375e-01, PNorm = 34.4692, GNorm = 1.1188, lr_0 = 6.9069e-04
Loss = 2.8805e-01, PNorm = 34.5024, GNorm = 0.7343, lr_0 = 6.5985e-04
Validation rmse = 1.392818
Epoch 7
Loss = 3.1512e-01, PNorm = 34.5364, GNorm = 1.0778, lr_0 = 6.2751e-04
Loss = 3.0684e-01, PNorm = 34.5689, GNorm = 1.8790, lr_0 = 5.9948e-04
Validation rmse = 1.034207
Epoch 8
Loss = 2.6834e-01, PNorm = 34.5932, GNorm = 2.6076, lr_0 = 5.7010e-04
Loss = 2.4803e-01, PNorm = 34.6190, GNorm = 0.8122, lr_0 = 5.4464e-04
Validation rmse = 1.122820
Epoch 9
Loss = 2.5426e-01, PNorm = 34.6405, GNorm = 1.0050, lr_0 = 5.1795e-04
Loss = 2.1706e-01, PNorm = 34.6678, GNorm = 1.9682, lr_0 = 4.9482e-04
Loss = 1.6182e-01, PNorm = 34.6696, GNorm = 2.0939, lr_0 = 4.9256e-04
Validation rmse = 1.136827
Epoch 10
Loss = 2.3064e-01, PNorm = 34.6902, GNorm = 1.8375, lr_0 = 4.7056e-04
Validation rmse = 0.912981
Epoch 11
Loss = 2.8410e-01, PNorm = 34.7050, GNorm = 4.1794, lr_0 = 4.4750e-04
Loss = 2.4203e-01, PNorm = 34.7238, GNorm = 2.0268, lr_0 = 4.2752e-04
Validation rmse = 0.904529
Epoch 12
Loss = 1.9770e-01, PNorm = 34.7413, GNorm = 0.7016, lr_0 = 4.0656e-04
Loss = 2.0954e-01, PNorm = 34.7560, GNorm = 0.8185, lr_0 = 3.8841e-04
Validation rmse = 0.859211
Epoch 13
Loss = 2.1533e-01, PNorm = 34.7773, GNorm = 1.5660, lr_0 = 3.6937e-04
Loss = 2.0899e-01, PNorm = 34.7956, GNorm = 3.1210, lr_0 = 3.5287e-04
Validation rmse = 1.088684
Epoch 14
Loss = 2.7344e-01, PNorm = 34.8130, GNorm = 2.2753, lr_0 = 3.3558e-04
Loss = 1.9727e-01, PNorm = 34.8255, GNorm = 0.7712, lr_0 = 3.2059e-04
Loss = 4.0281e-01, PNorm = 34.8264, GNorm = 4.7545, lr_0 = 3.1913e-04
Validation rmse = 0.743287
Epoch 15
Loss = 2.0776e-01, PNorm = 34.8417, GNorm = 4.3198, lr_0 = 3.0488e-04
Validation rmse = 0.775893
Epoch 16
Loss = 1.8857e-01, PNorm = 34.8539, GNorm = 0.9193, lr_0 = 2.8994e-04
Loss = 1.8994e-01, PNorm = 34.8609, GNorm = 1.4103, lr_0 = 2.7699e-04
Validation rmse = 0.824508
Epoch 17
Loss = 1.8003e-01, PNorm = 34.8708, GNorm = 1.8345, lr_0 = 2.6341e-04
Loss = 1.8395e-01, PNorm = 34.8807, GNorm = 1.7908, lr_0 = 2.5165e-04
Validation rmse = 0.963911
Epoch 18
Loss = 2.0453e-01, PNorm = 34.8916, GNorm = 0.6163, lr_0 = 2.3931e-04
Loss = 1.8837e-01, PNorm = 34.9019, GNorm = 3.1158, lr_0 = 2.2863e-04
Validation rmse = 0.783716
Epoch 19
Loss = 1.8639e-01, PNorm = 34.9151, GNorm = 2.1476, lr_0 = 2.1742e-04
Loss = 1.7125e-01, PNorm = 34.9189, GNorm = 2.1953, lr_0 = 2.0771e-04
Loss = 2.2162e-01, PNorm = 34.9200, GNorm = 8.1067, lr_0 = 2.0676e-04
Validation rmse = 0.769127
Epoch 20
Loss = 1.9197e-01, PNorm = 34.9286, GNorm = 0.9874, lr_0 = 1.9753e-04
Validation rmse = 0.716363
Epoch 21
Loss = 2.0235e-01, PNorm = 34.9352, GNorm = 6.1331, lr_0 = 1.8785e-04
Loss = 2.0517e-01, PNorm = 34.9438, GNorm = 3.4780, lr_0 = 1.7946e-04
Validation rmse = 0.865811
Epoch 22
Loss = 1.7670e-01, PNorm = 34.9497, GNorm = 1.7406, lr_0 = 1.7066e-04
Loss = 1.6599e-01, PNorm = 34.9541, GNorm = 5.6235, lr_0 = 1.6304e-04
Validation rmse = 0.888627
Epoch 23
Loss = 1.5081e-01, PNorm = 34.9603, GNorm = 1.3081, lr_0 = 1.5505e-04
Loss = 1.6309e-01, PNorm = 34.9652, GNorm = 1.5253, lr_0 = 1.4813e-04
Validation rmse = 0.753699
Epoch 24
Loss = 1.7191e-01, PNorm = 34.9710, GNorm = 1.9366, lr_0 = 1.4087e-04
Loss = 1.6519e-01, PNorm = 34.9776, GNorm = 1.0934, lr_0 = 1.3458e-04
Validation rmse = 0.653733
Epoch 25
Loss = 1.7579e-01, PNorm = 34.9839, GNorm = 3.3949, lr_0 = 1.2857e-04
Validation rmse = 0.817807
Epoch 26
Loss = 1.6173e-01, PNorm = 34.9878, GNorm = 2.4176, lr_0 = 1.2226e-04
Loss = 1.4896e-01, PNorm = 34.9926, GNorm = 1.5073, lr_0 = 1.1680e-04
Validation rmse = 0.690493
Epoch 27
Loss = 1.5929e-01, PNorm = 34.9972, GNorm = 3.2774, lr_0 = 1.1108e-04
Loss = 1.6595e-01, PNorm = 34.9994, GNorm = 1.3751, lr_0 = 1.0612e-04
Validation rmse = 0.698913
Epoch 28
Loss = 1.7435e-01, PNorm = 35.0040, GNorm = 1.7445, lr_0 = 1.0092e-04
Loss = 1.6530e-01, PNorm = 35.0096, GNorm = 3.1621, lr_0 = 1.0000e-04
Validation rmse = 0.726430
Epoch 29
Loss = 1.4753e-01, PNorm = 35.0123, GNorm = 2.5075, lr_0 = 1.0000e-04
Loss = 1.5910e-01, PNorm = 35.0160, GNorm = 2.0084, lr_0 = 1.0000e-04
Validation rmse = 0.839968
Model 0 best validation rmse = 0.653733 on epoch 24
Loading pretrained parameter "encoder.encoder.0.cached_zero_vector".
Loading pretrained parameter "encoder.encoder.0.W_i.weight".
Loading pretrained parameter "encoder.encoder.0.W_h.weight".
Loading pretrained parameter "encoder.encoder.0.W_o.weight".
Loading pretrained parameter "encoder.encoder.0.W_o.bias".
Loading pretrained parameter "lower_quantile_head.2.weight".
Loading pretrained parameter "lower_quantile_head.2.bias".
Loading pretrained parameter "upper_quantile_head.2.weight".
Loading pretrained parameter "upper_quantile_head.2.bias".
Loading pretrained parameter "ffn.1.weight".
Loading pretrained parameter "ffn.1.bias".
Model 0 test rmse = 0.809655
Ensemble test rmse = 0.809655
1-fold cross validation
	Seed 0 ==> test rmse = 0.809655
Overall test rmse = 0.809655 +/- 0.000000
Elapsed time = 0:00:39
