Command line
python delaneyTrainQuantile.py
Args
{'activation': 'ReLU',
 'adding_h': False,
 'aggregation': 'mean',
 'aggregation_norm': 100,
 'atom_descriptor_scaling': True,
 'atom_descriptors': None,
 'atom_descriptors_path': None,
 'atom_descriptors_size': 0,
 'atom_features_size': 0,
 'atom_messages': False,
 'batch_size': 50,
 'bias': False,
 'bias_solvent': False,
 'bond_feature_scaling': True,
 'bond_features_path': None,
 'bond_features_size': 0,
 'cache_cutoff': 10000,
 'checkpoint_dir': None,
 'checkpoint_frzn': None,
 'checkpoint_path': None,
 'checkpoint_paths': None,
 'class_balance': False,
 'config_path': None,
 'crossval_index_dir': None,
 'crossval_index_file': None,
 'crossval_index_sets': None,
 'cuda': False,
 'data_path': 'data/delaney.csv',
 'data_weights_path': None,
 'dataset_type': 'regression',
 'depth': 3,
 'depth_solvent': 3,
 'device': device(type='cpu'),
 'dropout': 0.0,
 'empty_cache': False,
 'ensemble_size': 1,
 'epochs': 30,
 'evidential_regularization': 0,
 'explicit_h': False,
 'extra_metrics': [],
 'features_generator': None,
 'features_only': False,
 'features_path': None,
 'features_scaling': True,
 'features_size': None,
 'ffn_hidden_size': 300,
 'ffn_num_layers': 2,
 'final_lr': 0.0001,
 'folds_file': None,
 'freeze_first_only': False,
 'frzn_ffn_layers': 0,
 'gpu': None,
 'grad_clip': None,
 'hidden_size': 300,
 'hidden_size_solvent': 300,
 'ignore_columns': None,
 'init_lr': 0.0001,
 'log_frequency': 10,
 'loss_function': 'quantile',
 'max_data_size': None,
 'max_lr': 0.001,
 'metric': 'rmse',
 'metrics': ['rmse'],
 'minimize_score': True,
 'mpn_shared': False,
 'multiclass_num_classes': 3,
 'no_atom_descriptor_scaling': False,
 'no_bond_features_scaling': False,
 'no_cache_mol': False,
 'no_cuda': False,
 'no_features_scaling': False,
 'num_folds': 1,
 'num_lrs': 1,
 'num_tasks': 1,
 'num_workers': 8,
 'number_of_molecules': 1,
 'overwrite_default_atom_features': False,
 'overwrite_default_bond_features': False,
 'phase_features_path': None,
 'pytorch_seed': 0,
 'quiet': False,
 'reaction': False,
 'reaction_mode': 'reac_diff',
 'reaction_solvent': False,
 'resume_experiment': False,
 'save_dir': 'delaney_checkpoints_quantile',
 'save_preds': False,
 'save_smiles_splits': False,
 'seed': 0,
 'separate_test_atom_descriptors_path': None,
 'separate_test_bond_features_path': None,
 'separate_test_features_path': None,
 'separate_test_path': None,
 'separate_test_phase_features_path': None,
 'separate_val_atom_descriptors_path': None,
 'separate_val_bond_features_path': None,
 'separate_val_features_path': None,
 'separate_val_path': None,
 'separate_val_phase_features_path': None,
 'show_individual_scores': False,
 'smiles_columns': ['smiles'],
 'spectra_activation': 'exp',
 'spectra_phase_mask_path': None,
 'spectra_target_floor': 1e-08,
 'split_key_molecule': 0,
 'split_sizes': (0.8, 0.1, 0.1),
 'split_type': 'random',
 'target_columns': None,
 'target_weights': None,
 'task_names': ['logSolubility'],
 'test': False,
 'test_fold_index': None,
 'train_data_size': None,
 'undirected': False,
 'use_input_features': False,
 'val_fold_index': None,
 'warmup_epochs': 2.0}
Setting molecule featurization parameters to default.
Loading data
Number of tasks = 1
Fold 0
Splitting data with seed 0
Total size = 1,128 | train size = 902 | val size = 113 | test size = 113
Fitting scaler
Building model 0
MoleculeModel(
  (encoder): MPN(
    (encoder): ModuleList(
      (0): MPNEncoder(
        (dropout_layer): Dropout(p=0.0, inplace=False)
        (act_func): ReLU()
        (W_i): Linear(in_features=147, out_features=300, bias=False)
        (W_h): Linear(in_features=300, out_features=300, bias=False)
        (W_o): Linear(in_features=433, out_features=300, bias=True)
      )
    )
  )
  (ffn): Sequential(
    (0): Dropout(p=0.0, inplace=False)
    (1): Linear(in_features=300, out_features=300, bias=True)
    (2): ReLU()
    (3): Dropout(p=0.0, inplace=False)
    (4): Linear(in_features=300, out_features=1, bias=True)
  )
)
Number of parameters = 355,201
Epoch 0
Loss = 2.7875e-01, PNorm = 34.0187, GNorm = 0.8269, lr_0 = 3.7500e-04
Validation rmse = 2.640950
Epoch 1
Loss = 1.3282e-01, PNorm = 34.0310, GNorm = 0.5853, lr_0 = 6.5000e-04
Loss = 1.5703e-01, PNorm = 34.0595, GNorm = 0.2599, lr_0 = 9.0000e-04
Validation rmse = 2.289636
Epoch 2
Loss = 1.1582e-01, PNorm = 34.1116, GNorm = 0.3431, lr_0 = 9.6853e-04
Loss = 1.1888e-01, PNorm = 34.1496, GNorm = 0.8085, lr_0 = 9.2527e-04
Validation rmse = 2.099386
Epoch 3
Loss = 9.2539e-02, PNorm = 34.1792, GNorm = 0.5122, lr_0 = 8.7992e-04
Loss = 9.4453e-02, PNorm = 34.2076, GNorm = 0.8134, lr_0 = 8.4063e-04
Validation rmse = 2.792865
Epoch 4
Loss = 1.4889e-01, PNorm = 34.2222, GNorm = 0.2543, lr_0 = 7.9943e-04
Loss = 1.3509e-01, PNorm = 34.2539, GNorm = 0.4610, lr_0 = 7.6372e-04
Loss = 2.0134e-01, PNorm = 34.2572, GNorm = 0.6486, lr_0 = 7.6024e-04
Validation rmse = 2.910798
Epoch 5
Loss = 1.1356e-01, PNorm = 34.2837, GNorm = 0.3498, lr_0 = 7.2629e-04
Validation rmse = 1.888463
Epoch 6
Loss = 8.5169e-02, PNorm = 34.3094, GNorm = 0.8781, lr_0 = 6.9069e-04
Loss = 8.8759e-02, PNorm = 34.3293, GNorm = 0.1814, lr_0 = 6.5985e-04
Validation rmse = 1.717550
Epoch 7
Loss = 8.9949e-02, PNorm = 34.3538, GNorm = 0.7385, lr_0 = 6.2751e-04
Loss = 8.3398e-02, PNorm = 34.3746, GNorm = 0.5072, lr_0 = 5.9948e-04
Validation rmse = 1.459540
Epoch 8
Loss = 7.4577e-02, PNorm = 34.3925, GNorm = 0.5982, lr_0 = 5.7010e-04
Loss = 7.7523e-02, PNorm = 34.4119, GNorm = 0.2615, lr_0 = 5.4464e-04
Validation rmse = 1.836239
Epoch 9
Loss = 7.8260e-02, PNorm = 34.4313, GNorm = 0.2598, lr_0 = 5.1795e-04
Loss = 6.3936e-02, PNorm = 34.4515, GNorm = 0.2585, lr_0 = 4.9482e-04
Loss = 1.1021e-01, PNorm = 34.4536, GNorm = 0.8231, lr_0 = 4.9256e-04
Validation rmse = 1.379728
Epoch 10
Loss = 6.4685e-02, PNorm = 34.4756, GNorm = 0.3508, lr_0 = 4.7056e-04
Validation rmse = 1.799017
Epoch 11
Loss = 7.5782e-02, PNorm = 34.4950, GNorm = 0.7853, lr_0 = 4.4750e-04
Loss = 7.4298e-02, PNorm = 34.5087, GNorm = 0.5465, lr_0 = 4.2752e-04
Validation rmse = 1.703996
Epoch 12
Loss = 6.8230e-02, PNorm = 34.5208, GNorm = 0.6542, lr_0 = 4.0656e-04
Loss = 6.5004e-02, PNorm = 34.5371, GNorm = 0.6416, lr_0 = 3.8841e-04
Validation rmse = 1.574774
Epoch 13
Loss = 8.0869e-02, PNorm = 34.5459, GNorm = 0.5603, lr_0 = 3.6937e-04
Loss = 8.1999e-02, PNorm = 34.5600, GNorm = 0.5891, lr_0 = 3.5287e-04
Validation rmse = 1.805826
Epoch 14
Loss = 7.0634e-02, PNorm = 34.5763, GNorm = 0.2875, lr_0 = 3.3558e-04
Loss = 6.2944e-02, PNorm = 34.5859, GNorm = 0.2806, lr_0 = 3.2059e-04
Loss = 5.9772e-02, PNorm = 34.5868, GNorm = 4.8031, lr_0 = 3.1913e-04
Validation rmse = 1.698540
Epoch 15
Loss = 7.9475e-02, PNorm = 34.5942, GNorm = 0.3847, lr_0 = 3.0488e-04
Validation rmse = 1.529656
Epoch 16
Loss = 6.2554e-02, PNorm = 34.6094, GNorm = 0.3853, lr_0 = 2.8994e-04
Loss = 6.8303e-02, PNorm = 34.6208, GNorm = 0.4009, lr_0 = 2.7699e-04
Validation rmse = 1.109707
Epoch 17
Loss = 6.1024e-02, PNorm = 34.6311, GNorm = 0.2362, lr_0 = 2.6341e-04
Loss = 6.1807e-02, PNorm = 34.6358, GNorm = 0.9150, lr_0 = 2.5165e-04
Validation rmse = 1.605037
Epoch 18
Loss = 6.2989e-02, PNorm = 34.6431, GNorm = 0.9911, lr_0 = 2.3931e-04
Loss = 5.9806e-02, PNorm = 34.6496, GNorm = 0.4156, lr_0 = 2.2863e-04
Validation rmse = 1.279055
Epoch 19
Loss = 6.1909e-02, PNorm = 34.6531, GNorm = 0.7043, lr_0 = 2.1742e-04
Loss = 5.9843e-02, PNorm = 34.6583, GNorm = 0.6312, lr_0 = 2.0771e-04
Loss = 8.9835e-03, PNorm = 34.6586, GNorm = 0.8984, lr_0 = 2.0676e-04
Validation rmse = 0.962723
Epoch 20
Loss = 6.7610e-02, PNorm = 34.6644, GNorm = 0.6991, lr_0 = 1.9753e-04
Validation rmse = 1.150457
Epoch 21
Loss = 5.0629e-02, PNorm = 34.6691, GNorm = 0.2779, lr_0 = 1.8785e-04
Loss = 5.8604e-02, PNorm = 34.6735, GNorm = 0.4293, lr_0 = 1.7946e-04
Validation rmse = 1.258893
Epoch 22
Loss = 5.7909e-02, PNorm = 34.6776, GNorm = 0.1857, lr_0 = 1.7066e-04
Loss = 5.6246e-02, PNorm = 34.6822, GNorm = 0.7748, lr_0 = 1.6304e-04
Validation rmse = 1.130176
Epoch 23
Loss = 5.5503e-02, PNorm = 34.6872, GNorm = 0.2302, lr_0 = 1.5505e-04
Loss = 5.3930e-02, PNorm = 34.6925, GNorm = 0.5221, lr_0 = 1.4813e-04
Validation rmse = 1.157430
Epoch 24
Loss = 5.4262e-02, PNorm = 34.6965, GNorm = 0.2182, lr_0 = 1.4087e-04
Loss = 5.5861e-02, PNorm = 34.6989, GNorm = 0.4434, lr_0 = 1.3458e-04
Validation rmse = 1.200891
Epoch 25
Loss = 5.4644e-02, PNorm = 34.7028, GNorm = 0.6536, lr_0 = 1.2857e-04
Validation rmse = 1.093410
Epoch 26
Loss = 5.8810e-02, PNorm = 34.7071, GNorm = 1.0252, lr_0 = 1.2226e-04
Loss = 5.1978e-02, PNorm = 34.7126, GNorm = 0.9179, lr_0 = 1.1680e-04
Validation rmse = 1.107275
Epoch 27
Loss = 4.9190e-02, PNorm = 34.7154, GNorm = 1.0791, lr_0 = 1.1108e-04
Loss = 5.4352e-02, PNorm = 34.7182, GNorm = 0.8066, lr_0 = 1.0612e-04
Validation rmse = 1.202903
Epoch 28
Loss = 5.5618e-02, PNorm = 34.7194, GNorm = 0.6428, lr_0 = 1.0092e-04
Loss = 4.9601e-02, PNorm = 34.7212, GNorm = 0.3083, lr_0 = 1.0000e-04
Validation rmse = 1.142404
Epoch 29
Loss = 4.8905e-02, PNorm = 34.7241, GNorm = 0.8126, lr_0 = 1.0000e-04
Loss = 5.1606e-02, PNorm = 34.7265, GNorm = 0.2167, lr_0 = 1.0000e-04
Validation rmse = 1.045957
Model 0 best validation rmse = 0.962723 on epoch 19
Loading pretrained parameter "encoder.encoder.0.cached_zero_vector".
Loading pretrained parameter "encoder.encoder.0.W_i.weight".
Loading pretrained parameter "encoder.encoder.0.W_h.weight".
Loading pretrained parameter "encoder.encoder.0.W_o.weight".
Loading pretrained parameter "encoder.encoder.0.W_o.bias".
Loading pretrained parameter "ffn.1.weight".
Loading pretrained parameter "ffn.1.bias".
Loading pretrained parameter "ffn.4.weight".
Loading pretrained parameter "ffn.4.bias".
Model 0 test rmse = 1.145285
Ensemble test rmse = 1.145285
1-fold cross validation
	Seed 0 ==> test rmse = 1.145285
Overall test rmse = 1.145285 +/- 0.000000
Elapsed time = 0:00:41
Command line
python delaneyTrainQuantile.py
Args
{'activation': 'ReLU',
 'adding_h': False,
 'aggregation': 'mean',
 'aggregation_norm': 100,
 'atom_descriptor_scaling': True,
 'atom_descriptors': None,
 'atom_descriptors_path': None,
 'atom_descriptors_size': 0,
 'atom_features_size': 0,
 'atom_messages': False,
 'batch_size': 50,
 'bias': False,
 'bias_solvent': False,
 'bond_feature_scaling': True,
 'bond_features_path': None,
 'bond_features_size': 0,
 'cache_cutoff': 10000,
 'checkpoint_dir': None,
 'checkpoint_frzn': None,
 'checkpoint_path': None,
 'checkpoint_paths': None,
 'class_balance': False,
 'config_path': None,
 'crossval_index_dir': None,
 'crossval_index_file': None,
 'crossval_index_sets': None,
 'cuda': False,
 'data_path': 'data/delaney.csv',
 'data_weights_path': None,
 'dataset_type': 'regression',
 'depth': 3,
 'depth_solvent': 3,
 'device': device(type='cpu'),
 'dropout': 0.0,
 'empty_cache': False,
 'ensemble_size': 1,
 'epochs': 30,
 'evidential_regularization': 0,
 'explicit_h': False,
 'extra_metrics': [],
 'features_generator': None,
 'features_only': False,
 'features_path': None,
 'features_scaling': True,
 'features_size': None,
 'ffn_hidden_size': 300,
 'ffn_num_layers': 2,
 'final_lr': 0.0001,
 'folds_file': None,
 'freeze_first_only': False,
 'frzn_ffn_layers': 0,
 'gpu': None,
 'grad_clip': None,
 'hidden_size': 300,
 'hidden_size_solvent': 300,
 'ignore_columns': None,
 'init_lr': 0.0001,
 'log_frequency': 10,
 'loss_function': 'quantile',
 'max_data_size': None,
 'max_lr': 0.001,
 'metric': 'rmse',
 'metrics': ['rmse'],
 'minimize_score': True,
 'mpn_shared': False,
 'multiclass_num_classes': 3,
 'no_atom_descriptor_scaling': False,
 'no_bond_features_scaling': False,
 'no_cache_mol': False,
 'no_cuda': False,
 'no_features_scaling': False,
 'num_folds': 1,
 'num_lrs': 1,
 'num_tasks': 1,
 'num_workers': 8,
 'number_of_molecules': 1,
 'overwrite_default_atom_features': False,
 'overwrite_default_bond_features': False,
 'phase_features_path': None,
 'pytorch_seed': 0,
 'quiet': False,
 'reaction': False,
 'reaction_mode': 'reac_diff',
 'reaction_solvent': False,
 'resume_experiment': False,
 'save_dir': 'delaney_checkpoints_quantile',
 'save_preds': False,
 'save_smiles_splits': False,
 'seed': 0,
 'separate_test_atom_descriptors_path': None,
 'separate_test_bond_features_path': None,
 'separate_test_features_path': None,
 'separate_test_path': None,
 'separate_test_phase_features_path': None,
 'separate_val_atom_descriptors_path': None,
 'separate_val_bond_features_path': None,
 'separate_val_features_path': None,
 'separate_val_path': None,
 'separate_val_phase_features_path': None,
 'show_individual_scores': False,
 'smiles_columns': ['smiles'],
 'spectra_activation': 'exp',
 'spectra_phase_mask_path': None,
 'spectra_target_floor': 1e-08,
 'split_key_molecule': 0,
 'split_sizes': (0.8, 0.1, 0.1),
 'split_type': 'random',
 'target_columns': None,
 'target_weights': None,
 'task_names': ['logSolubility'],
 'test': False,
 'test_fold_index': None,
 'train_data_size': None,
 'undirected': False,
 'use_input_features': False,
 'val_fold_index': None,
 'warmup_epochs': 2.0}
Setting molecule featurization parameters to default.
Loading data
Number of tasks = 1
Fold 0
Splitting data with seed 0
Total size = 1,128 | train size = 902 | val size = 113 | test size = 113
Fitting scaler
Building model 0
MoleculeModel(
  (encoder): MPN(
    (encoder): ModuleList(
      (0): MPNEncoder(
        (dropout_layer): Dropout(p=0.0, inplace=False)
        (act_func): ReLU()
        (W_i): Linear(in_features=147, out_features=300, bias=False)
        (W_h): Linear(in_features=300, out_features=300, bias=False)
        (W_o): Linear(in_features=433, out_features=300, bias=True)
      )
    )
  )
  (ffn): Sequential(
    (0): Dropout(p=0.0, inplace=False)
    (1): Linear(in_features=300, out_features=300, bias=True)
    (2): ReLU()
    (3): Dropout(p=0.0, inplace=False)
    (4): Linear(in_features=300, out_features=1, bias=True)
  )
)
Number of parameters = 355,201
Epoch 0
Loss = 2.2296e-01, PNorm = 34.0168, GNorm = 0.7595, lr_0 = 3.7500e-04
Validation rmse = 2.921956
Epoch 1
Loss = 1.6274e-01, PNorm = 34.0301, GNorm = 0.6083, lr_0 = 6.5000e-04
Loss = 1.4507e-01, PNorm = 34.0584, GNorm = 0.1908, lr_0 = 9.0000e-04
Validation rmse = 2.461938
Epoch 2
Loss = 1.3049e-01, PNorm = 34.1127, GNorm = 1.5093, lr_0 = 9.6853e-04
Loss = 1.4058e-01, PNorm = 34.1624, GNorm = 0.6709, lr_0 = 9.2527e-04
Validation rmse = 1.881515
Epoch 3
Loss = 1.2824e-01, PNorm = 34.2108, GNorm = 0.7914, lr_0 = 8.7992e-04
Loss = 1.1977e-01, PNorm = 34.2476, GNorm = 0.2306, lr_0 = 8.4063e-04
Validation rmse = 1.647164
Epoch 4
Loss = 1.1349e-01, PNorm = 34.2823, GNorm = 0.8281, lr_0 = 7.9943e-04
Loss = 1.3562e-01, PNorm = 34.3009, GNorm = 0.8072, lr_0 = 7.6372e-04
Loss = 7.0375e-02, PNorm = 34.3030, GNorm = 0.7185, lr_0 = 7.6024e-04
Validation rmse = 2.399568
Epoch 5
Loss = 1.2985e-01, PNorm = 34.3375, GNorm = 0.5720, lr_0 = 7.2629e-04
Validation rmse = 1.512035
Epoch 6
Loss = 1.2136e-01, PNorm = 34.3660, GNorm = 1.5508, lr_0 = 6.9069e-04
Loss = 1.1869e-01, PNorm = 34.3885, GNorm = 0.1850, lr_0 = 6.5985e-04
Validation rmse = 1.788690
Epoch 7
Loss = 9.8140e-02, PNorm = 34.4214, GNorm = 0.7078, lr_0 = 6.2751e-04
Loss = 1.0007e-01, PNorm = 34.4466, GNorm = 0.6199, lr_0 = 5.9948e-04
Validation rmse = 1.558827
Epoch 8
Loss = 8.8033e-02, PNorm = 34.4694, GNorm = 0.5925, lr_0 = 5.7010e-04
Loss = 8.5979e-02, PNorm = 34.4950, GNorm = 0.3535, lr_0 = 5.4464e-04
Validation rmse = 1.320300
Epoch 9
Loss = 8.0476e-02, PNorm = 34.5105, GNorm = 0.6416, lr_0 = 5.1795e-04
Loss = 8.1283e-02, PNorm = 34.5358, GNorm = 0.4224, lr_0 = 4.9482e-04
Loss = 6.1760e-02, PNorm = 34.5373, GNorm = 1.2206, lr_0 = 4.9256e-04
Validation rmse = 1.693569
Epoch 10
Loss = 7.5264e-02, PNorm = 34.5579, GNorm = 0.2434, lr_0 = 4.7056e-04
Validation rmse = 1.362477
Epoch 11
Loss = 7.7192e-02, PNorm = 34.5809, GNorm = 1.5247, lr_0 = 4.4750e-04
Loss = 6.9446e-02, PNorm = 34.6026, GNorm = 0.4515, lr_0 = 4.2752e-04
Validation rmse = 1.016968
Epoch 12
Loss = 6.7311e-02, PNorm = 34.6210, GNorm = 0.4936, lr_0 = 4.0656e-04
Loss = 6.7868e-02, PNorm = 34.6377, GNorm = 0.5505, lr_0 = 3.8841e-04
Validation rmse = 1.243843
Epoch 13
Loss = 6.9053e-02, PNorm = 34.6599, GNorm = 1.5231, lr_0 = 3.6937e-04
Loss = 7.1508e-02, PNorm = 34.6780, GNorm = 0.3632, lr_0 = 3.5287e-04
Validation rmse = 1.477817
Epoch 14
Loss = 6.9563e-02, PNorm = 34.6941, GNorm = 1.0071, lr_0 = 3.3558e-04
Loss = 6.2487e-02, PNorm = 34.7074, GNorm = 0.9257, lr_0 = 3.2059e-04
Loss = 1.4828e-01, PNorm = 34.7076, GNorm = 3.8429, lr_0 = 3.1913e-04
Validation rmse = 1.726331
Epoch 15
Loss = 7.9848e-02, PNorm = 34.7189, GNorm = 2.8051, lr_0 = 3.0488e-04
Validation rmse = 1.375451
Epoch 16
Loss = 6.3429e-02, PNorm = 34.7352, GNorm = 0.4963, lr_0 = 2.8994e-04
Loss = 6.6015e-02, PNorm = 34.7391, GNorm = 0.3246, lr_0 = 2.7699e-04
Validation rmse = 1.149167
Epoch 17
Loss = 6.0657e-02, PNorm = 34.7478, GNorm = 1.0932, lr_0 = 2.6341e-04
Loss = 5.8495e-02, PNorm = 34.7554, GNorm = 0.8404, lr_0 = 2.5165e-04
Validation rmse = 1.558823
Epoch 18
Loss = 9.7783e-02, PNorm = 34.7635, GNorm = 1.0470, lr_0 = 2.3931e-04
Loss = 7.8285e-02, PNorm = 34.7734, GNorm = 1.7065, lr_0 = 2.2863e-04
Validation rmse = 1.620074
Epoch 19
Loss = 6.9921e-02, PNorm = 34.7816, GNorm = 0.7649, lr_0 = 2.1742e-04
Loss = 5.4511e-02, PNorm = 34.7855, GNorm = 0.7123, lr_0 = 2.0771e-04
Loss = 9.1448e-02, PNorm = 34.7863, GNorm = 0.8306, lr_0 = 2.0676e-04
Validation rmse = 1.098150
Epoch 20
Loss = 6.0333e-02, PNorm = 34.7953, GNorm = 0.8515, lr_0 = 1.9753e-04
Validation rmse = 0.849749
Epoch 21
Loss = 6.4368e-02, PNorm = 34.7969, GNorm = 1.7599, lr_0 = 1.8785e-04
Loss = 6.2995e-02, PNorm = 34.7997, GNorm = 0.5468, lr_0 = 1.7946e-04
Validation rmse = 0.858667
Epoch 22
Loss = 6.8415e-02, PNorm = 34.8072, GNorm = 0.4406, lr_0 = 1.7066e-04
Loss = 5.1645e-02, PNorm = 34.8131, GNorm = 0.5008, lr_0 = 1.6304e-04
Validation rmse = 1.012538
Epoch 23
Loss = 4.9846e-02, PNorm = 34.8169, GNorm = 0.4664, lr_0 = 1.5505e-04
Loss = 5.1314e-02, PNorm = 34.8211, GNorm = 1.4263, lr_0 = 1.4813e-04
Validation rmse = 1.254569
Epoch 24
Loss = 5.7430e-02, PNorm = 34.8205, GNorm = 0.5793, lr_0 = 1.4087e-04
Loss = 5.1819e-02, PNorm = 34.8241, GNorm = 0.3589, lr_0 = 1.3458e-04
Validation rmse = 1.158138
Epoch 25
Loss = 5.4507e-02, PNorm = 34.8289, GNorm = 0.8781, lr_0 = 1.2857e-04
Validation rmse = 1.133400
Epoch 26
Loss = 5.7310e-02, PNorm = 34.8328, GNorm = 0.4060, lr_0 = 1.2226e-04
Loss = 4.7611e-02, PNorm = 34.8367, GNorm = 0.3578, lr_0 = 1.1680e-04
Validation rmse = 1.143308
Epoch 27
Loss = 4.2774e-02, PNorm = 34.8398, GNorm = 0.3919, lr_0 = 1.1108e-04
Loss = 4.9583e-02, PNorm = 34.8424, GNorm = 0.2630, lr_0 = 1.0612e-04
Validation rmse = 1.019217
Epoch 28
Loss = 4.2133e-02, PNorm = 34.8455, GNorm = 0.5576, lr_0 = 1.0092e-04
Loss = 4.8603e-02, PNorm = 34.8494, GNorm = 0.4641, lr_0 = 1.0000e-04
Validation rmse = 1.001342
Epoch 29
Loss = 3.9319e-02, PNorm = 34.8514, GNorm = 0.3331, lr_0 = 1.0000e-04
Loss = 5.1898e-02, PNorm = 34.8536, GNorm = 0.3988, lr_0 = 1.0000e-04
Validation rmse = 1.085308
Model 0 best validation rmse = 0.849749 on epoch 20
Loading pretrained parameter "encoder.encoder.0.cached_zero_vector".
Loading pretrained parameter "encoder.encoder.0.W_i.weight".
Loading pretrained parameter "encoder.encoder.0.W_h.weight".
Loading pretrained parameter "encoder.encoder.0.W_o.weight".
Loading pretrained parameter "encoder.encoder.0.W_o.bias".
Loading pretrained parameter "ffn.1.weight".
Loading pretrained parameter "ffn.1.bias".
Loading pretrained parameter "ffn.4.weight".
Loading pretrained parameter "ffn.4.bias".
Model 0 test rmse = 0.980762
Ensemble test rmse = 0.980762
1-fold cross validation
	Seed 0 ==> test rmse = 0.980762
Overall test rmse = 0.980762 +/- 0.000000
Elapsed time = 0:00:26
