Command line
python delaneyTrain.py
Args
{'activation': 'ReLU',
 'adding_h': False,
 'aggregation': 'mean',
 'aggregation_norm': 100,
 'alpha': 0.1,
 'atom_descriptor_scaling': True,
 'atom_descriptors': None,
 'atom_descriptors_path': None,
 'atom_descriptors_size': 0,
 'atom_features_size': 0,
 'atom_messages': False,
 'batch_size': 50,
 'bias': False,
 'bias_solvent': False,
 'bond_feature_scaling': True,
 'bond_features_path': None,
 'bond_features_size': 0,
 'cache_cutoff': 10000,
 'checkpoint_dir': None,
 'checkpoint_frzn': None,
 'checkpoint_path': None,
 'checkpoint_paths': None,
 'class_balance': False,
 'config_path': None,
 'crossval_index_dir': None,
 'crossval_index_file': None,
 'crossval_index_sets': None,
 'cuda': False,
 'data_path': 'data/delaney.csv',
 'data_weights_path': None,
 'dataset_type': 'regression',
 'depth': 3,
 'depth_solvent': 3,
 'device': device(type='cpu'),
 'dropout': 0.0,
 'empty_cache': False,
 'ensemble_size': 1,
 'epochs': 30,
 'evidential_regularization': 0,
 'explicit_h': False,
 'extra_metrics': [],
 'features_generator': None,
 'features_only': False,
 'features_path': None,
 'features_scaling': True,
 'features_size': None,
 'ffn_hidden_size': 300,
 'ffn_num_layers': 2,
 'final_lr': 0.0001,
 'folds_file': None,
 'freeze_first_only': False,
 'frzn_ffn_layers': 0,
 'gpu': None,
 'grad_clip': None,
 'hidden_size': 300,
 'hidden_size_solvent': 300,
 'ignore_columns': None,
 'init_lr': 0.0001,
 'log_frequency': 10,
 'loss_function': 'mse',
 'max_data_size': None,
 'max_lr': 0.001,
 'metric': 'rmse',
 'metrics': ['rmse'],
 'minimize_score': True,
 'mpn_shared': False,
 'multiclass_num_classes': 3,
 'no_atom_descriptor_scaling': False,
 'no_bond_features_scaling': False,
 'no_cache_mol': False,
 'no_cuda': False,
 'no_features_scaling': False,
 'num_folds': 1,
 'num_lrs': 1,
 'num_tasks': 1,
 'num_workers': 8,
 'number_of_molecules': 1,
 'overwrite_default_atom_features': False,
 'overwrite_default_bond_features': False,
 'phase_features_path': None,
 'pytorch_seed': 0,
 'quantile': 0.5,
 'quiet': False,
 'reaction': False,
 'reaction_mode': 'reac_diff',
 'reaction_solvent': False,
 'resume_experiment': False,
 'save_dir': 'delaney_checkpoints2',
 'save_preds': False,
 'save_smiles_splits': False,
 'seed': 0,
 'separate_test_atom_descriptors_path': None,
 'separate_test_bond_features_path': None,
 'separate_test_features_path': None,
 'separate_test_path': None,
 'separate_test_phase_features_path': None,
 'separate_val_atom_descriptors_path': None,
 'separate_val_bond_features_path': None,
 'separate_val_features_path': None,
 'separate_val_path': None,
 'separate_val_phase_features_path': None,
 'show_individual_scores': False,
 'smiles_columns': ['smiles'],
 'spectra_activation': 'exp',
 'spectra_phase_mask_path': None,
 'spectra_target_floor': 1e-08,
 'split_key_molecule': 0,
 'split_sizes': (0.8, 0.1, 0.1),
 'split_type': 'random',
 'target_columns': None,
 'target_weights': None,
 'task_names': ['logSolubility'],
 'test': False,
 'test_fold_index': None,
 'train_data_size': None,
 'undirected': False,
 'use_input_features': False,
 'val_fold_index': None,
 'warmup_epochs': 2.0}
Setting molecule featurization parameters to default.
Loading data
Number of tasks = 1
Fold 0
Splitting data with seed 0
Total size = 1,128 | train size = 902 | val size = 113 | test size = 113
Fitting scaler
Building model 0
MoleculeModel(
  (encoder): MPN(
    (encoder): ModuleList(
      (0): MPNEncoder(
        (dropout_layer): Dropout(p=0.0, inplace=False)
        (act_func): ReLU()
        (W_i): Linear(in_features=147, out_features=300, bias=False)
        (W_h): Linear(in_features=300, out_features=300, bias=False)
        (W_o): Linear(in_features=433, out_features=300, bias=True)
      )
    )
  )
  (ffn): Sequential(
    (0): Dropout(p=0.0, inplace=False)
    (1): Linear(in_features=300, out_features=300, bias=True)
    (2): ReLU()
    (3): Dropout(p=0.0, inplace=False)
    (4): Linear(in_features=300, out_features=1, bias=True)
  )
)
Number of parameters = 355,201
Epoch 0
Loss = 9.1933e-01, PNorm = 34.0157, GNorm = 3.3060, lr_0 = 3.7500e-04
Validation rmse = 1.636796
Epoch 1
Loss = 4.4203e-01, PNorm = 34.0432, GNorm = 4.5789, lr_0 = 6.5000e-04
Loss = 4.4692e-01, PNorm = 34.0796, GNorm = 1.2249, lr_0 = 9.0000e-04
Validation rmse = 1.271152
Epoch 2
Loss = 4.0009e-01, PNorm = 34.1271, GNorm = 5.4920, lr_0 = 9.6853e-04
Loss = 3.9211e-01, PNorm = 34.1688, GNorm = 3.9297, lr_0 = 9.2527e-04
Validation rmse = 1.140847
Epoch 3
Loss = 2.6840e-01, PNorm = 34.2170, GNorm = 5.4332, lr_0 = 8.7992e-04
Loss = 2.7685e-01, PNorm = 34.2524, GNorm = 1.0658, lr_0 = 8.4063e-04
Validation rmse = 1.048530
Epoch 4
Loss = 2.3584e-01, PNorm = 34.2834, GNorm = 5.8090, lr_0 = 7.9943e-04
Loss = 2.4798e-01, PNorm = 34.3174, GNorm = 5.6898, lr_0 = 7.6372e-04
Loss = 5.5945e-02, PNorm = 34.3206, GNorm = 3.1772, lr_0 = 7.6024e-04
Validation rmse = 1.079669
Epoch 5
Loss = 2.6584e-01, PNorm = 34.3529, GNorm = 5.8017, lr_0 = 7.2629e-04
Validation rmse = 0.945802
Epoch 6
Loss = 1.4975e-01, PNorm = 34.3828, GNorm = 1.2909, lr_0 = 6.9069e-04
Loss = 1.8172e-01, PNorm = 34.4091, GNorm = 2.5518, lr_0 = 6.5985e-04
Validation rmse = 0.882893
Epoch 7
Loss = 1.7305e-01, PNorm = 34.4375, GNorm = 3.4307, lr_0 = 6.2751e-04
Loss = 1.4881e-01, PNorm = 34.4587, GNorm = 1.9655, lr_0 = 5.9948e-04
Validation rmse = 0.913521
Epoch 8
Loss = 1.5824e-01, PNorm = 34.4770, GNorm = 1.4376, lr_0 = 5.7010e-04
Loss = 1.6020e-01, PNorm = 34.4976, GNorm = 3.2169, lr_0 = 5.4464e-04
Validation rmse = 1.085836
Epoch 9
Loss = 2.0414e-01, PNorm = 34.5177, GNorm = 5.0637, lr_0 = 5.1795e-04
Loss = 1.3244e-01, PNorm = 34.5350, GNorm = 3.9908, lr_0 = 4.9482e-04
Loss = 2.3558e-02, PNorm = 34.5363, GNorm = 3.6560, lr_0 = 4.9256e-04
Validation rmse = 0.789092
Epoch 10
Loss = 1.2022e-01, PNorm = 34.5507, GNorm = 0.8819, lr_0 = 4.7056e-04
Validation rmse = 1.011684
Epoch 11
Loss = 2.2949e-01, PNorm = 34.5637, GNorm = 7.7973, lr_0 = 4.4750e-04
Loss = 1.5327e-01, PNorm = 34.5802, GNorm = 0.9326, lr_0 = 4.2752e-04
Validation rmse = 0.819956
Epoch 12
Loss = 1.0786e-01, PNorm = 34.5946, GNorm = 0.7564, lr_0 = 4.0656e-04
Loss = 1.1271e-01, PNorm = 34.6078, GNorm = 1.7425, lr_0 = 3.8841e-04
Validation rmse = 0.739052
Epoch 13
Loss = 1.0937e-01, PNorm = 34.6229, GNorm = 2.5719, lr_0 = 3.6937e-04
Loss = 9.8820e-02, PNorm = 34.6373, GNorm = 2.4382, lr_0 = 3.5287e-04
Validation rmse = 0.820433
Epoch 14
Loss = 1.5522e-01, PNorm = 34.6509, GNorm = 2.1409, lr_0 = 3.3558e-04
Loss = 9.4435e-02, PNorm = 34.6627, GNorm = 1.2774, lr_0 = 3.2059e-04
Loss = 1.8954e-01, PNorm = 34.6635, GNorm = 4.6141, lr_0 = 3.1913e-04
Validation rmse = 0.713380
Epoch 15
Loss = 9.5929e-02, PNorm = 34.6754, GNorm = 5.4874, lr_0 = 3.0488e-04
Validation rmse = 0.700987
Epoch 16
Loss = 8.9900e-02, PNorm = 34.6870, GNorm = 3.4750, lr_0 = 2.8994e-04
Loss = 9.4796e-02, PNorm = 34.6962, GNorm = 1.8704, lr_0 = 2.7699e-04
Validation rmse = 0.677292
Epoch 17
Loss = 8.5198e-02, PNorm = 34.7058, GNorm = 2.7098, lr_0 = 2.6341e-04
Loss = 8.2898e-02, PNorm = 34.7147, GNorm = 0.8569, lr_0 = 2.5165e-04
Validation rmse = 0.726769
Epoch 18
Loss = 9.1289e-02, PNorm = 34.7252, GNorm = 0.7439, lr_0 = 2.3931e-04
Loss = 9.1690e-02, PNorm = 34.7327, GNorm = 4.3035, lr_0 = 2.2863e-04
Validation rmse = 0.720202
Epoch 19
Loss = 9.4853e-02, PNorm = 34.7425, GNorm = 3.2271, lr_0 = 2.1742e-04
Loss = 7.3652e-02, PNorm = 34.7475, GNorm = 1.5608, lr_0 = 2.0771e-04
Loss = 3.1989e-02, PNorm = 34.7482, GNorm = 3.9191, lr_0 = 2.0676e-04
Validation rmse = 0.655958
Epoch 20
Loss = 8.3385e-02, PNorm = 34.7565, GNorm = 0.5678, lr_0 = 1.9753e-04
Validation rmse = 0.745209
Epoch 21
Loss = 8.3009e-02, PNorm = 34.7614, GNorm = 3.8137, lr_0 = 1.8785e-04
Loss = 9.7013e-02, PNorm = 34.7675, GNorm = 3.0325, lr_0 = 1.7946e-04
Validation rmse = 0.681899
Epoch 22
Loss = 1.0909e-01, PNorm = 34.7735, GNorm = 3.6127, lr_0 = 1.7066e-04
Loss = 8.4671e-02, PNorm = 34.7796, GNorm = 6.7317, lr_0 = 1.6304e-04
Validation rmse = 0.731082
Epoch 23
Loss = 7.6370e-02, PNorm = 34.7850, GNorm = 2.4114, lr_0 = 1.5505e-04
Loss = 8.0087e-02, PNorm = 34.7892, GNorm = 2.1472, lr_0 = 1.4813e-04
Validation rmse = 0.647536
Epoch 24
Loss = 7.2254e-02, PNorm = 34.7955, GNorm = 0.6340, lr_0 = 1.4087e-04
Loss = 7.0888e-02, PNorm = 34.8005, GNorm = 0.9168, lr_0 = 1.3458e-04
Validation rmse = 0.636798
Epoch 25
Loss = 7.7833e-02, PNorm = 34.8063, GNorm = 2.9707, lr_0 = 1.2857e-04
Validation rmse = 0.665949
Epoch 26
Loss = 7.3467e-02, PNorm = 34.8105, GNorm = 2.8499, lr_0 = 1.2226e-04
Loss = 6.5747e-02, PNorm = 34.8141, GNorm = 1.1323, lr_0 = 1.1680e-04
Validation rmse = 0.636812
Epoch 27
Loss = 5.7552e-02, PNorm = 34.8190, GNorm = 1.7517, lr_0 = 1.1108e-04
Loss = 7.2405e-02, PNorm = 34.8219, GNorm = 0.6586, lr_0 = 1.0612e-04
Validation rmse = 0.732746
Epoch 28
Loss = 9.2764e-02, PNorm = 34.8263, GNorm = 1.3149, lr_0 = 1.0092e-04
Loss = 8.0950e-02, PNorm = 34.8309, GNorm = 4.6487, lr_0 = 1.0000e-04
Validation rmse = 0.657297
Epoch 29
Loss = 6.2513e-02, PNorm = 34.8340, GNorm = 2.2103, lr_0 = 1.0000e-04
Loss = 7.2122e-02, PNorm = 34.8375, GNorm = 1.7362, lr_0 = 1.0000e-04
Validation rmse = 0.656192
Model 0 best validation rmse = 0.636798 on epoch 24
Loading pretrained parameter "encoder.encoder.0.cached_zero_vector".
Loading pretrained parameter "encoder.encoder.0.W_i.weight".
Loading pretrained parameter "encoder.encoder.0.W_h.weight".
Loading pretrained parameter "encoder.encoder.0.W_o.weight".
Loading pretrained parameter "encoder.encoder.0.W_o.bias".
Loading pretrained parameter "ffn.1.weight".
Loading pretrained parameter "ffn.1.bias".
Loading pretrained parameter "ffn.4.weight".
Loading pretrained parameter "ffn.4.bias".
Model 0 test rmse = 0.714928
Ensemble test rmse = 0.714928
1-fold cross validation
	Seed 0 ==> test rmse = 0.714928
Overall test rmse = 0.714928 +/- 0.000000
Elapsed time = 0:00:39
